[ 2016-12-22T07:56:56+08:00 ] 127.0.0.1 /xiaolianV0.1/xiaolian/index.php
INFO: [ app_init ] --START--
INFO: Run Behavior\BuildLiteBehavior [ RunTime:0.000017s ]
INFO: [ app_init ] --END-- [ RunTime:0.012942s ]
INFO: [ app_begin ] --START--
INFO: Run Behavior\ReadHtmlCacheBehavior [ RunTime:0.062609s ]
INFO: [ app_begin ] --END-- [ RunTime:0.062682s ]
SQL: SHOW COLUMNS FROM `user` [ RunTime:0.0052s ]
SQL: SHOW COLUMNS FROM `news` [ RunTime:0.0047s ]
SQL: SELECT * FROM `news` WHERE ( recommended=1 ) ORDER BY posttime desc LIMIT 3   [ RunTime:0.0005s ]
SQL: SHOW COLUMNS FROM `posters` [ RunTime:0.0844s ]
SQL: SELECT * FROM `posters` LIMIT 3   [ RunTime:0.0008s ]
SQL: SELECT * FROM `user` WHERE ( username!='' ) LIMIT 4   [ RunTime:0.0004s ]
INFO: [ view_parse ] --START--
INFO: [ template_filter ] --START--
INFO: Run Behavior\ContentReplaceBehavior [ RunTime:0.000118s ]
INFO: [ template_filter ] --END-- [ RunTime:0.000172s ]
NOTIC: [8] Undefined variable: n D:\wwwroot\xiaolianV0.1\xiaolian\Application\Runtime\Cache\Home\2a94b8bda04ff446dcedd42276fc99ee.php 第 114 行.
INFO: Run Behavior\ParseTemplateBehavior [ RunTime:0.078240s ]
INFO: [ view_parse ] --END-- [ RunTime:0.078305s ]
INFO: [ view_filter ] --START--
INFO: Run Behavior\WriteHtmlCacheBehavior [ RunTime:0.017629s ]
INFO: [ view_filter ] --END-- [ RunTime:0.017687s ]
INFO: [ app_end ] --START--
INFO: Run Behavior\ShowPageTraceBehavior [ RunTime:0.004982s ]
INFO: [ app_end ] --END-- [ RunTime:0.005876s ]

