[ 2016-12-15T10:01:39+08:00 ] 127.0.0.1 /xiaoliangit/xiaolian-v0.1/index.php/denglu/enter.html
INFO: [ app_init ] --START--
INFO: Run Behavior\BuildLiteBehavior [ RunTime:0.000025s ]
INFO: [ app_init ] --END-- [ RunTime:0.000665s ]
ERR: 无法加载模块:Denglu

[ 2016-12-15T10:01:57+08:00 ] 127.0.0.1 /xiaoliangit/xiaolian-v0.1/index.php/denglu/enter.html
INFO: [ app_init ] --START--
INFO: Run Behavior\BuildLiteBehavior [ RunTime:0.000015s ]
INFO: [ app_init ] --END-- [ RunTime:0.000517s ]
ERR: 无法加载模块:Denglu

[ 2016-12-15T14:01:28+08:00 ] 127.0.0.1 /xiaoliangit/xiaolian-v0.1/Public/front/js/jquery.js
INFO: [ app_init ] --START--
INFO: Run Behavior\BuildLiteBehavior [ RunTime:0.000019s ]
INFO: [ app_init ] --END-- [ RunTime:0.000606s ]
ERR: 无法加载模块:Public

[ 2016-12-15T14:01:37+08:00 ] 127.0.0.1 /xiaoliangit/xiaolian-v0.1/Public/front/js/jquery.js
INFO: [ app_init ] --START--
INFO: Run Behavior\BuildLiteBehavior [ RunTime:0.000018s ]
INFO: [ app_init ] --END-- [ RunTime:0.000715s ]
ERR: 无法加载模块:Public

[ 2016-12-15T14:08:43+08:00 ] 127.0.0.1 /xiaoliangit/xiaolian-v0.1/index/admin
INFO: [ app_init ] --START--
INFO: Run Behavior\BuildLiteBehavior [ RunTime:0.000015s ]
INFO: [ app_init ] --END-- [ RunTime:0.000579s ]
ERR: 无法加载模块:Index

[ 2016-12-15T14:09:18+08:00 ] 127.0.0.1 /xiaoliangit/xiaolian-v0.1/index/admin/admin/login
INFO: [ app_init ] --START--
INFO: Run Behavior\BuildLiteBehavior [ RunTime:0.000017s ]
INFO: [ app_init ] --END-- [ RunTime:0.000550s ]
ERR: 无法加载模块:Index

[ 2016-12-15T14:09:37+08:00 ] 127.0.0.1 /xiaoliangit/xiaolian-v0.1/index/admin/user/user_list
INFO: [ app_init ] --START--
INFO: Run Behavior\BuildLiteBehavior [ RunTime:0.000016s ]
INFO: [ app_init ] --END-- [ RunTime:0.000597s ]
ERR: 无法加载模块:Index

[ 2016-12-15T14:11:06+08:00 ] 127.0.0.1 /xiaoliangit/xiaolian-v0.1/index/admin/index
INFO: [ app_init ] --START--
INFO: Run Behavior\BuildLiteBehavior [ RunTime:0.000016s ]
INFO: [ app_init ] --END-- [ RunTime:0.000682s ]
ERR: 无法加载模块:Index

[ 2016-12-15T14:34:28+08:00 ] 127.0.0.1 /xiaoliangit/xiaolian-v0.1/Public/front/js/jquery.js
INFO: [ app_init ] --START--
INFO: Run Behavior\BuildLiteBehavior [ RunTime:0.000025s ]
INFO: [ app_init ] --END-- [ RunTime:0.000819s ]
ERR: 无法加载模块:Public

[ 2016-12-15T15:14:42+08:00 ] 127.0.0.1 /xiaoliangit/xiaolian-v0.1/Public/front/js/jquery.js
INFO: [ app_init ] --START--
INFO: Run Behavior\BuildLiteBehavior [ RunTime:0.000018s ]
INFO: [ app_init ] --END-- [ RunTime:0.000623s ]
ERR: 无法加载模块:Public

[ 2016-12-15T15:15:00+08:00 ] 127.0.0.1 /xiaoliangit/xiaolian-v0.1/Public/front/js/jquery.js
INFO: [ app_init ] --START--
INFO: Run Behavior\BuildLiteBehavior [ RunTime:0.000025s ]
INFO: [ app_init ] --END-- [ RunTime:0.000762s ]
ERR: 无法加载模块:Public

[ 2016-12-15T16:18:20+08:00 ] 127.0.0.1 /xiaoliangit/xiaolian-v0.1/Public/front/js/jquery.js
INFO: [ app_init ] --START--
INFO: Run Behavior\BuildLiteBehavior [ RunTime:0.000020s ]
INFO: [ app_init ] --END-- [ RunTime:0.000833s ]
ERR: 无法加载模块:Public

[ 2016-12-15T16:23:28+08:00 ] 127.0.0.1 /xiaoliangit/xiaolian-v0.1/Public/front/js/jquery.js
INFO: [ app_init ] --START--
INFO: Run Behavior\BuildLiteBehavior [ RunTime:0.000019s ]
INFO: [ app_init ] --END-- [ RunTime:0.000656s ]
ERR: 无法加载模块:Public

[ 2016-12-15T16:23:28+08:00 ] 127.0.0.1 /xiaoliangit/xiaolian-v0.1/Public/front/js/jquery.js
INFO: [ app_init ] --START--
INFO: Run Behavior\BuildLiteBehavior [ RunTime:0.000018s ]
INFO: [ app_init ] --END-- [ RunTime:0.000587s ]
ERR: 无法加载模块:Public

[ 2016-12-15T16:24:19+08:00 ] 127.0.0.1 /xiaoliangit/xiaolian-v0.1/Public/front/js/jquery.js
INFO: [ app_init ] --START--
INFO: Run Behavior\BuildLiteBehavior [ RunTime:0.000030s ]
INFO: [ app_init ] --END-- [ RunTime:0.000872s ]
ERR: 无法加载模块:Public

[ 2016-12-15T16:24:20+08:00 ] 127.0.0.1 /xiaoliangit/xiaolian-v0.1/Public/front/js/jquery.js
INFO: [ app_init ] --START--
INFO: Run Behavior\BuildLiteBehavior [ RunTime:0.000015s ]
INFO: [ app_init ] --END-- [ RunTime:0.000542s ]
ERR: 无法加载模块:Public

[ 2016-12-15T16:24:38+08:00 ] 127.0.0.1 /xiaoliangit/xiaolian-v0.1/Public/front/js/jquery.js
INFO: [ app_init ] --START--
INFO: Run Behavior\BuildLiteBehavior [ RunTime:0.000017s ]
INFO: [ app_init ] --END-- [ RunTime:0.000594s ]
ERR: 无法加载模块:Public

[ 2016-12-15T16:24:38+08:00 ] 127.0.0.1 /xiaoliangit/xiaolian-v0.1/Public/front/js/jquery.js
INFO: [ app_init ] --START--
INFO: Run Behavior\BuildLiteBehavior [ RunTime:0.000015s ]
INFO: [ app_init ] --END-- [ RunTime:0.000553s ]
ERR: 无法加载模块:Public

[ 2016-12-15T16:25:19+08:00 ] 127.0.0.1 /xiaoliangit/xiaolian-v0.1/Public/front/js/jquery.js
INFO: [ app_init ] --START--
INFO: Run Behavior\BuildLiteBehavior [ RunTime:0.000018s ]
INFO: [ app_init ] --END-- [ RunTime:0.000605s ]
ERR: 无法加载模块:Public

[ 2016-12-15T16:25:19+08:00 ] 127.0.0.1 /xiaoliangit/xiaolian-v0.1/Public/front/js/jquery.js
INFO: [ app_init ] --START--
INFO: Run Behavior\BuildLiteBehavior [ RunTime:0.000016s ]
INFO: [ app_init ] --END-- [ RunTime:0.000570s ]
ERR: 无法加载模块:Public

[ 2016-12-15T16:25:35+08:00 ] 127.0.0.1 /xiaoliangit/xiaolian-v0.1/Public/front/js/jquery.js
INFO: [ app_init ] --START--
INFO: Run Behavior\BuildLiteBehavior [ RunTime:0.000018s ]
INFO: [ app_init ] --END-- [ RunTime:0.000748s ]
ERR: 无法加载模块:Public

[ 2016-12-15T16:25:36+08:00 ] 127.0.0.1 /xiaoliangit/xiaolian-v0.1/Public/front/js/jquery.js
INFO: [ app_init ] --START--
INFO: Run Behavior\BuildLiteBehavior [ RunTime:0.000015s ]
INFO: [ app_init ] --END-- [ RunTime:0.000582s ]
ERR: 无法加载模块:Public

[ 2016-12-15T16:25:41+08:00 ] 127.0.0.1 /xiaoliangit/xiaolian-v0.1/Public/front/css/animate.min.css
INFO: [ app_init ] --START--
INFO: Run Behavior\BuildLiteBehavior [ RunTime:0.000027s ]
INFO: [ app_init ] --END-- [ RunTime:0.000855s ]
ERR: 无法加载模块:Public

[ 2016-12-15T16:25:41+08:00 ] 127.0.0.1 /xiaoliangit/xiaolian-v0.1/Public/front/css/normalize.css
INFO: [ app_init ] --START--
INFO: Run Behavior\BuildLiteBehavior [ RunTime:0.000027s ]
INFO: [ app_init ] --END-- [ RunTime:0.000936s ]
ERR: 无法加载模块:Public

[ 2016-12-15T16:25:41+08:00 ] 127.0.0.1 /xiaoliangit/xiaolian-v0.1/Public/front/css/jquery.gDialog.css
INFO: [ app_init ] --START--
INFO: Run Behavior\BuildLiteBehavior [ RunTime:0.000027s ]
INFO: [ app_init ] --END-- [ RunTime:0.000869s ]
ERR: 无法加载模块:Public

[ 2016-12-15T16:25:41+08:00 ] 127.0.0.1 /xiaoliangit/xiaolian-v0.1/Public/front/js/jquery.gDialog.js
INFO: [ app_init ] --START--
INFO: Run Behavior\BuildLiteBehavior [ RunTime:0.000019s ]
INFO: [ app_init ] --END-- [ RunTime:0.000887s ]
ERR: 无法加载模块:Public

[ 2016-12-15T16:25:41+08:00 ] 127.0.0.1 /xiaoliangit/xiaolian-v0.1/Public/front/js/jquery.gDialog.js
INFO: [ app_init ] --START--
INFO: Run Behavior\BuildLiteBehavior [ RunTime:0.000015s ]
INFO: [ app_init ] --END-- [ RunTime:0.000604s ]
ERR: 无法加载模块:Public

[ 2016-12-15T16:27:52+08:00 ] 127.0.0.1 /xiaoliangit/xiaolian-v0.1/Public/front/js/jquery.js
INFO: [ app_init ] --START--
INFO: Run Behavior\BuildLiteBehavior [ RunTime:0.000028s ]
INFO: [ app_init ] --END-- [ RunTime:0.001007s ]
ERR: 无法加载模块:Public

[ 2016-12-15T16:27:52+08:00 ] 127.0.0.1 /xiaoliangit/xiaolian-v0.1/Public/front/js/jquery.js
INFO: [ app_init ] --START--
INFO: Run Behavior\BuildLiteBehavior [ RunTime:0.000014s ]
INFO: [ app_init ] --END-- [ RunTime:0.000663s ]
ERR: 无法加载模块:Public

[ 2016-12-15T16:29:27+08:00 ] 127.0.0.1 /xiaoliangit/xiaolian-v0.1/Public/front/js/jquery.js
INFO: [ app_init ] --START--
INFO: Run Behavior\BuildLiteBehavior [ RunTime:0.000019s ]
INFO: [ app_init ] --END-- [ RunTime:0.000623s ]
ERR: 无法加载模块:Public

[ 2016-12-15T16:29:27+08:00 ] 127.0.0.1 /xiaoliangit/xiaolian-v0.1/Public/front/js/jquery.js
INFO: [ app_init ] --START--
INFO: Run Behavior\BuildLiteBehavior [ RunTime:0.000015s ]
INFO: [ app_init ] --END-- [ RunTime:0.000640s ]
ERR: 无法加载模块:Public

[ 2016-12-15T16:29:42+08:00 ] 127.0.0.1 /xiaoliangit/xiaolian-v0.1/Public/front/js/jquery.js
INFO: [ app_init ] --START--
INFO: Run Behavior\BuildLiteBehavior [ RunTime:0.000025s ]
INFO: [ app_init ] --END-- [ RunTime:0.000797s ]
ERR: 无法加载模块:Public

[ 2016-12-15T16:29:43+08:00 ] 127.0.0.1 /xiaoliangit/xiaolian-v0.1/Public/front/js/jquery.js
INFO: [ app_init ] --START--
INFO: Run Behavior\BuildLiteBehavior [ RunTime:0.000018s ]
INFO: [ app_init ] --END-- [ RunTime:0.000551s ]
ERR: 无法加载模块:Public

