[ 2016-12-20T08:24:33+08:00 ] 127.0.0.1 /xiaoliangit/xiaolian-v0.1/Public/front/js/jquery.js
INFO: [ app_init ] --START--
INFO: Run Behavior\BuildLiteBehavior [ RunTime:0.000018s ]
INFO: [ app_init ] --END-- [ RunTime:0.000550s ]
ERR: 无法加载模块:Public

[ 2016-12-20T08:25:04+08:00 ] 127.0.0.1 /xiaoliangit/xiaolian-v0.1/Public/front/js/jquery.mobile-1.4.5.min.map
INFO: [ app_init ] --START--
INFO: Run Behavior\BuildLiteBehavior [ RunTime:0.000012s ]
INFO: [ app_init ] --END-- [ RunTime:0.000311s ]
ERR: 无法加载模块:Public

[ 2016-12-20T08:25:07+08:00 ] 127.0.0.1 /xiaoliangit/xiaolian-v0.1/Public/front/js/jquery.mobile-1.4.5.min.map
INFO: [ app_init ] --START--
INFO: Run Behavior\BuildLiteBehavior [ RunTime:0.000013s ]
INFO: [ app_init ] --END-- [ RunTime:0.000330s ]
ERR: 无法加载模块:Public

[ 2016-12-20T08:25:10+08:00 ] 127.0.0.1 /xiaoliangit/xiaolian-v0.1/Public/front/js/jquery.mobile-1.4.5.min.map
INFO: [ app_init ] --START--
INFO: Run Behavior\BuildLiteBehavior [ RunTime:0.000013s ]
INFO: [ app_init ] --END-- [ RunTime:0.000460s ]
ERR: 无法加载模块:Public

[ 2016-12-20T08:25:19+08:00 ] 127.0.0.1 /xiaoliangit/xiaolian-v0.1/Public/front/js/jquery.mobile-1.4.5.min.map
INFO: [ app_init ] --START--
INFO: Run Behavior\BuildLiteBehavior [ RunTime:0.000018s ]
INFO: [ app_init ] --END-- [ RunTime:0.000487s ]
ERR: 无法加载模块:Public

[ 2016-12-20T08:27:09+08:00 ] 127.0.0.1 /xiaoliangit/xiaolian-v0.1/Public/front/js/jquery.mobile-1.4.5.min.map
INFO: [ app_init ] --START--
INFO: Run Behavior\BuildLiteBehavior [ RunTime:0.000018s ]
INFO: [ app_init ] --END-- [ RunTime:0.000498s ]
ERR: 无法加载模块:Public

[ 2016-12-20T08:27:53+08:00 ] 127.0.0.1 /xiaoliangit/xiaolian-v0.1/Public/front/js/jquery.mobile-1.4.5.min.map
INFO: [ app_init ] --START--
INFO: Run Behavior\BuildLiteBehavior [ RunTime:0.000013s ]
INFO: [ app_init ] --END-- [ RunTime:0.000348s ]
ERR: 无法加载模块:Public

[ 2016-12-20T08:30:52+08:00 ] 127.0.0.1 /xiaoliangit/xiaolian-v0.1/Public/front/js/jquery.mobile-1.4.5.min.map
INFO: [ app_init ] --START--
INFO: Run Behavior\BuildLiteBehavior [ RunTime:0.000012s ]
INFO: [ app_init ] --END-- [ RunTime:0.000287s ]
ERR: 无法加载模块:Public

[ 2016-12-20T08:32:14+08:00 ] 127.0.0.1 /xiaoliangit/xiaolian-v0.1/Public/front/js/jquery.mobile-1.4.5.min.map
INFO: [ app_init ] --START--
INFO: Run Behavior\BuildLiteBehavior [ RunTime:0.000019s ]
INFO: [ app_init ] --END-- [ RunTime:0.000478s ]
ERR: 无法加载模块:Public

[ 2016-12-20T08:33:48+08:00 ] 127.0.0.1 /xiaoliangit/xiaolian-v0.1/Public/front/js/jquery.mobile-1.4.5.min.map
INFO: [ app_init ] --START--
INFO: Run Behavior\BuildLiteBehavior [ RunTime:0.000017s ]
INFO: [ app_init ] --END-- [ RunTime:0.000431s ]
ERR: 无法加载模块:Public

[ 2016-12-20T08:34:07+08:00 ] 127.0.0.1 /xiaoliangit/xiaolian-v0.1/Public/front/js/jquery.mobile-1.4.5.min.map
INFO: [ app_init ] --START--
INFO: Run Behavior\BuildLiteBehavior [ RunTime:0.000018s ]
INFO: [ app_init ] --END-- [ RunTime:0.000446s ]
ERR: 无法加载模块:Public

[ 2016-12-20T08:34:26+08:00 ] 127.0.0.1 /xiaoliangit/xiaolian-v0.1/Public/front/js/jquery.mobile-1.4.5.min.map
INFO: [ app_init ] --START--
INFO: Run Behavior\BuildLiteBehavior [ RunTime:0.000017s ]
INFO: [ app_init ] --END-- [ RunTime:0.000417s ]
ERR: 无法加载模块:Public

[ 2016-12-20T08:35:17+08:00 ] 127.0.0.1 /xiaoliangit/xiaolian-v0.1/Public/front/js/jquery.mobile-1.4.5.min.map
INFO: [ app_init ] --START--
INFO: Run Behavior\BuildLiteBehavior [ RunTime:0.000012s ]
INFO: [ app_init ] --END-- [ RunTime:0.000323s ]
ERR: 无法加载模块:Public

[ 2016-12-20T08:35:31+08:00 ] 127.0.0.1 /xiaoliangit/xiaolian-v0.1/Public/front/js/jquery.mobile-1.4.5.min.map
INFO: [ app_init ] --START--
INFO: Run Behavior\BuildLiteBehavior [ RunTime:0.000012s ]
INFO: [ app_init ] --END-- [ RunTime:0.000331s ]
ERR: 无法加载模块:Public

[ 2016-12-20T08:35:47+08:00 ] 127.0.0.1 /xiaoliangit/xiaolian-v0.1/Public/front/js/jquery.mobile-1.4.5.min.map
INFO: [ app_init ] --START--
INFO: Run Behavior\BuildLiteBehavior [ RunTime:0.000012s ]
INFO: [ app_init ] --END-- [ RunTime:0.000296s ]
ERR: 无法加载模块:Public

[ 2016-12-20T08:35:58+08:00 ] 127.0.0.1 /xiaoliangit/xiaolian-v0.1/Public/front/js/jquery.mobile-1.4.5.min.map
INFO: [ app_init ] --START--
INFO: Run Behavior\BuildLiteBehavior [ RunTime:0.000015s ]
INFO: [ app_init ] --END-- [ RunTime:0.000335s ]
ERR: 无法加载模块:Public

[ 2016-12-20T08:37:03+08:00 ] 127.0.0.1 /xiaoliangit/xiaolian-v0.1/Public/front/js/jquery.mobile-1.4.5.min.map
INFO: [ app_init ] --START--
INFO: Run Behavior\BuildLiteBehavior [ RunTime:0.000019s ]
INFO: [ app_init ] --END-- [ RunTime:0.000435s ]
ERR: 无法加载模块:Public

[ 2016-12-20T08:38:01+08:00 ] 127.0.0.1 /xiaoliangit/xiaolian-v0.1/Public/front/js/jquery.mobile-1.4.5.min.map
INFO: [ app_init ] --START--
INFO: Run Behavior\BuildLiteBehavior [ RunTime:0.000013s ]
INFO: [ app_init ] --END-- [ RunTime:0.000294s ]
ERR: 无法加载模块:Public

[ 2016-12-20T08:38:22+08:00 ] 127.0.0.1 /xiaoliangit/xiaolian-v0.1/Public/front/js/jquery.mobile-1.4.5.min.map
INFO: [ app_init ] --START--
INFO: Run Behavior\BuildLiteBehavior [ RunTime:0.000013s ]
INFO: [ app_init ] --END-- [ RunTime:0.000337s ]
ERR: 无法加载模块:Public

[ 2016-12-20T08:39:28+08:00 ] 127.0.0.1 /xiaoliangit/xiaolian-v0.1/Public/front/js/jquery.mobile-1.4.5.min.map
INFO: [ app_init ] --START--
INFO: Run Behavior\BuildLiteBehavior [ RunTime:0.000014s ]
INFO: [ app_init ] --END-- [ RunTime:0.000319s ]
ERR: 无法加载模块:Public

[ 2016-12-20T08:39:48+08:00 ] 127.0.0.1 /xiaoliangit/xiaolian-v0.1/Public/front/js/jquery.mobile-1.4.5.min.map
INFO: [ app_init ] --START--
INFO: Run Behavior\BuildLiteBehavior [ RunTime:0.000013s ]
INFO: [ app_init ] --END-- [ RunTime:0.000313s ]
ERR: 无法加载模块:Public

[ 2016-12-20T08:39:50+08:00 ] 127.0.0.1 /xiaoliangit/xiaolian-v0.1/Public/front/js/jquery.mobile-1.4.5.min.map
INFO: [ app_init ] --START--
INFO: Run Behavior\BuildLiteBehavior [ RunTime:0.000013s ]
INFO: [ app_init ] --END-- [ RunTime:0.000298s ]
ERR: 无法加载模块:Public

[ 2016-12-20T08:40:31+08:00 ] 127.0.0.1 /xiaoliangit/xiaolian-v0.1/Public/front/js/jquery.mobile-1.4.5.min.map
INFO: [ app_init ] --START--
INFO: Run Behavior\BuildLiteBehavior [ RunTime:0.000019s ]
INFO: [ app_init ] --END-- [ RunTime:0.000525s ]
ERR: 无法加载模块:Public

[ 2016-12-20T08:41:27+08:00 ] 127.0.0.1 /xiaoliangit/xiaolian-v0.1/Public/front/js/jquery.mobile-1.4.5.min.map
INFO: [ app_init ] --START--
INFO: Run Behavior\BuildLiteBehavior [ RunTime:0.000018s ]
INFO: [ app_init ] --END-- [ RunTime:0.000503s ]
ERR: 无法加载模块:Public

[ 2016-12-20T08:42:08+08:00 ] 127.0.0.1 /xiaoliangit/xiaolian-v0.1/Public/front/js/jquery.mobile-1.4.5.min.map
INFO: [ app_init ] --START--
INFO: Run Behavior\BuildLiteBehavior [ RunTime:0.000012s ]
INFO: [ app_init ] --END-- [ RunTime:0.000317s ]
ERR: 无法加载模块:Public

[ 2016-12-20T08:42:12+08:00 ] 127.0.0.1 /xiaoliangit/xiaolian-v0.1/Public/front/js/jquery.mobile-1.4.5.min.map
INFO: [ app_init ] --START--
INFO: Run Behavior\BuildLiteBehavior [ RunTime:0.000018s ]
INFO: [ app_init ] --END-- [ RunTime:0.000464s ]
ERR: 无法加载模块:Public

[ 2016-12-20T08:44:46+08:00 ] 127.0.0.1 /xiaoliangit/xiaolian-v0.1/Public/front/js/jquery.mobile-1.4.5.min.map
INFO: [ app_init ] --START--
INFO: Run Behavior\BuildLiteBehavior [ RunTime:0.000013s ]
INFO: [ app_init ] --END-- [ RunTime:0.000324s ]
ERR: 无法加载模块:Public

[ 2016-12-20T08:44:58+08:00 ] 127.0.0.1 /xiaoliangit/xiaolian-v0.1/Public/front/js/jquery.js
INFO: [ app_init ] --START--
INFO: Run Behavior\BuildLiteBehavior [ RunTime:0.000021s ]
INFO: [ app_init ] --END-- [ RunTime:0.000529s ]
ERR: 无法加载模块:Public

[ 2016-12-20T08:44:59+08:00 ] 127.0.0.1 /xiaoliangit/xiaolian-v0.1/Public/front/js/jquery.mobile-1.4.5.min.map
INFO: [ app_init ] --START--
INFO: Run Behavior\BuildLiteBehavior [ RunTime:0.000019s ]
INFO: [ app_init ] --END-- [ RunTime:0.000470s ]
ERR: 无法加载模块:Public

[ 2016-12-20T08:44:59+08:00 ] 127.0.0.1 /xiaoliangit/xiaolian-v0.1/Public/front/js/jquery.js
INFO: [ app_init ] --START--
INFO: Run Behavior\BuildLiteBehavior [ RunTime:0.000012s ]
INFO: [ app_init ] --END-- [ RunTime:0.000324s ]
ERR: 无法加载模块:Public

[ 2016-12-20T08:45:02+08:00 ] 127.0.0.1 /xiaoliangit/xiaolian-v0.1/Public/front/js/jquery.mobile-1.4.5.min.map
INFO: [ app_init ] --START--
INFO: Run Behavior\BuildLiteBehavior [ RunTime:0.000012s ]
INFO: [ app_init ] --END-- [ RunTime:0.000288s ]
ERR: 无法加载模块:Public

[ 2016-12-20T08:45:04+08:00 ] 127.0.0.1 /xiaoliangit/xiaolian-v0.1/Public/front/js/jquery.mobile-1.4.5.min.map
INFO: [ app_init ] --START--
INFO: Run Behavior\BuildLiteBehavior [ RunTime:0.000013s ]
INFO: [ app_init ] --END-- [ RunTime:0.000289s ]
ERR: 无法加载模块:Public

[ 2016-12-20T08:45:16+08:00 ] 127.0.0.1 /xiaoliangit/xiaolian-v0.1/Public/front/js/jquery.mobile-1.4.5.min.map
INFO: [ app_init ] --START--
INFO: Run Behavior\BuildLiteBehavior [ RunTime:0.000019s ]
INFO: [ app_init ] --END-- [ RunTime:0.000410s ]
ERR: 无法加载模块:Public

[ 2016-12-20T08:45:18+08:00 ] 127.0.0.1 /xiaoliangit/xiaolian-v0.1/Public/front/js/jquery.mobile-1.4.5.min.map
INFO: [ app_init ] --START--
INFO: Run Behavior\BuildLiteBehavior [ RunTime:0.000012s ]
INFO: [ app_init ] --END-- [ RunTime:0.000289s ]
ERR: 无法加载模块:Public

[ 2016-12-20T08:45:39+08:00 ] 127.0.0.1 /xiaoliangit/xiaolian-v0.1/Public/front/js/jquery.mobile-1.4.5.min.map
INFO: [ app_init ] --START--
INFO: Run Behavior\BuildLiteBehavior [ RunTime:0.000018s ]
INFO: [ app_init ] --END-- [ RunTime:0.000446s ]
ERR: 无法加载模块:Public

[ 2016-12-20T08:46:18+08:00 ] 127.0.0.1 /xiaoliangit/xiaolian-v0.1/Public/front/js/jquery.mobile-1.4.5.min.map
INFO: [ app_init ] --START--
INFO: Run Behavior\BuildLiteBehavior [ RunTime:0.000018s ]
INFO: [ app_init ] --END-- [ RunTime:0.000429s ]
ERR: 无法加载模块:Public

[ 2016-12-20T08:46:29+08:00 ] 127.0.0.1 /xiaoliangit/xiaolian-v0.1/Public/front/js/jquery.mobile-1.4.5.min.map
INFO: [ app_init ] --START--
INFO: Run Behavior\BuildLiteBehavior [ RunTime:0.000028s ]
INFO: [ app_init ] --END-- [ RunTime:0.000463s ]
ERR: 无法加载模块:Public

[ 2016-12-20T08:46:32+08:00 ] 127.0.0.1 /xiaoliangit/xiaolian-v0.1/Public/front/js/jquery.mobile-1.4.5.min.map
INFO: [ app_init ] --START--
INFO: Run Behavior\BuildLiteBehavior [ RunTime:0.000014s ]
INFO: [ app_init ] --END-- [ RunTime:0.000299s ]
ERR: 无法加载模块:Public

[ 2016-12-20T08:46:39+08:00 ] 127.0.0.1 /xiaoliangit/xiaolian-v0.1/Public/front/js/jquery.mobile-1.4.5.min.map
INFO: [ app_init ] --START--
INFO: Run Behavior\BuildLiteBehavior [ RunTime:0.000014s ]
INFO: [ app_init ] --END-- [ RunTime:0.000365s ]
ERR: 无法加载模块:Public

[ 2016-12-20T08:46:43+08:00 ] 127.0.0.1 /xiaoliangit/xiaolian-v0.1/Public/front/js/jquery.mobile-1.4.5.min.map
INFO: [ app_init ] --START--
INFO: Run Behavior\BuildLiteBehavior [ RunTime:0.000018s ]
INFO: [ app_init ] --END-- [ RunTime:0.000442s ]
ERR: 无法加载模块:Public

[ 2016-12-20T08:46:57+08:00 ] 127.0.0.1 /xiaoliangit/xiaolian-v0.1/Public/front/js/jquery.mobile-1.4.5.min.map
INFO: [ app_init ] --START--
INFO: Run Behavior\BuildLiteBehavior [ RunTime:0.000012s ]
INFO: [ app_init ] --END-- [ RunTime:0.000309s ]
ERR: 无法加载模块:Public

[ 2016-12-20T08:47:11+08:00 ] 127.0.0.1 /xiaoliangit/xiaolian-v0.1/Public/front/js/jquery.mobile-1.4.5.min.map
INFO: [ app_init ] --START--
INFO: Run Behavior\BuildLiteBehavior [ RunTime:0.000020s ]
INFO: [ app_init ] --END-- [ RunTime:0.000485s ]
ERR: 无法加载模块:Public

[ 2016-12-20T08:47:27+08:00 ] 127.0.0.1 /xiaoliangit/xiaolian-v0.1/Public/front/js/jquery.mobile-1.4.5.min.map
INFO: [ app_init ] --START--
INFO: Run Behavior\BuildLiteBehavior [ RunTime:0.000013s ]
INFO: [ app_init ] --END-- [ RunTime:0.000308s ]
ERR: 无法加载模块:Public

[ 2016-12-20T08:47:28+08:00 ] 127.0.0.1 /xiaoliangit/xiaolian-v0.1/Public/front/js/jquery.mobile-1.4.5.min.map
INFO: [ app_init ] --START--
INFO: Run Behavior\BuildLiteBehavior [ RunTime:0.000013s ]
INFO: [ app_init ] --END-- [ RunTime:0.000332s ]
ERR: 无法加载模块:Public

[ 2016-12-20T08:47:30+08:00 ] 127.0.0.1 /xiaoliangit/xiaolian-v0.1/Public/front/js/jquery.mobile-1.4.5.min.map
INFO: [ app_init ] --START--
INFO: Run Behavior\BuildLiteBehavior [ RunTime:0.000014s ]
INFO: [ app_init ] --END-- [ RunTime:0.000344s ]
ERR: 无法加载模块:Public

[ 2016-12-20T08:47:39+08:00 ] 127.0.0.1 /xiaoliangit/xiaolian-v0.1/Public/front/js/jquery.mobile-1.4.5.min.map
INFO: [ app_init ] --START--
INFO: Run Behavior\BuildLiteBehavior [ RunTime:0.000017s ]
INFO: [ app_init ] --END-- [ RunTime:0.000493s ]
ERR: 无法加载模块:Public

[ 2016-12-20T08:47:41+08:00 ] 127.0.0.1 /xiaoliangit/xiaolian-v0.1/Public/front/js/jquery.mobile-1.4.5.min.map
INFO: [ app_init ] --START--
INFO: Run Behavior\BuildLiteBehavior [ RunTime:0.000012s ]
INFO: [ app_init ] --END-- [ RunTime:0.000318s ]
ERR: 无法加载模块:Public

[ 2016-12-20T08:48:02+08:00 ] 127.0.0.1 /xiaoliangit/xiaolian-v0.1/Public/front/js/jquery.mobile-1.4.5.min.map
INFO: [ app_init ] --START--
INFO: Run Behavior\BuildLiteBehavior [ RunTime:0.000014s ]
INFO: [ app_init ] --END-- [ RunTime:0.000481s ]
ERR: 无法加载模块:Public

[ 2016-12-20T08:48:25+08:00 ] 127.0.0.1 /xiaoliangit/xiaolian-v0.1/Public/front/js/jquery.mobile-1.4.5.min.map
INFO: [ app_init ] --START--
INFO: Run Behavior\BuildLiteBehavior [ RunTime:0.000013s ]
INFO: [ app_init ] --END-- [ RunTime:0.000310s ]
ERR: 无法加载模块:Public

[ 2016-12-20T08:48:46+08:00 ] 127.0.0.1 /xiaoliangit/xiaolian-v0.1/Public/front/js/jquery.mobile-1.4.5.min.map
INFO: [ app_init ] --START--
INFO: Run Behavior\BuildLiteBehavior [ RunTime:0.000018s ]
INFO: [ app_init ] --END-- [ RunTime:0.000438s ]
ERR: 无法加载模块:Public

[ 2016-12-20T08:49:21+08:00 ] 127.0.0.1 /xiaoliangit/xiaolian-v0.1/Public/front/js/jquery.mobile-1.4.5.min.map
INFO: [ app_init ] --START--
INFO: Run Behavior\BuildLiteBehavior [ RunTime:0.000019s ]
INFO: [ app_init ] --END-- [ RunTime:0.000531s ]
ERR: 无法加载模块:Public

[ 2016-12-20T08:49:26+08:00 ] 127.0.0.1 /xiaoliangit/xiaolian-v0.1/Public/front/js/jquery.mobile-1.4.5.min.map
INFO: [ app_init ] --START--
INFO: Run Behavior\BuildLiteBehavior [ RunTime:0.000012s ]
INFO: [ app_init ] --END-- [ RunTime:0.000303s ]
ERR: 无法加载模块:Public

[ 2016-12-20T08:50:34+08:00 ] 127.0.0.1 /xiaoliangit/xiaolian-v0.1/Public/front/js/jquery.mobile-1.4.5.min.map
INFO: [ app_init ] --START--
INFO: Run Behavior\BuildLiteBehavior [ RunTime:0.000012s ]
INFO: [ app_init ] --END-- [ RunTime:0.000299s ]
ERR: 无法加载模块:Public

[ 2016-12-20T08:52:53+08:00 ] 127.0.0.1 /xiaoliangit/xiaolian-v0.1/Public/front/js/jquery.mobile-1.4.5.min.map
INFO: [ app_init ] --START--
INFO: Run Behavior\BuildLiteBehavior [ RunTime:0.000012s ]
INFO: [ app_init ] --END-- [ RunTime:0.000291s ]
ERR: 无法加载模块:Public

[ 2016-12-20T08:52:57+08:00 ] 127.0.0.1 /xiaoliangit/xiaolian-v0.1/Public/front/js/jquery.mobile-1.4.5.min.map
INFO: [ app_init ] --START--
INFO: Run Behavior\BuildLiteBehavior [ RunTime:0.000022s ]
INFO: [ app_init ] --END-- [ RunTime:0.000737s ]
ERR: 无法加载模块:Public

[ 2016-12-20T08:53:01+08:00 ] 127.0.0.1 /xiaoliangit/xiaolian-v0.1/Public/front/js/jquery.mobile-1.4.5.min.map
INFO: [ app_init ] --START--
INFO: Run Behavior\BuildLiteBehavior [ RunTime:0.000013s ]
INFO: [ app_init ] --END-- [ RunTime:0.000297s ]
ERR: 无法加载模块:Public

[ 2016-12-20T08:53:04+08:00 ] 127.0.0.1 /xiaoliangit/xiaolian-v0.1/Public/front/js/jquery.mobile-1.4.5.min.map
INFO: [ app_init ] --START--
INFO: Run Behavior\BuildLiteBehavior [ RunTime:0.000018s ]
INFO: [ app_init ] --END-- [ RunTime:0.000442s ]
ERR: 无法加载模块:Public

[ 2016-12-20T08:53:17+08:00 ] 127.0.0.1 /xiaoliangit/xiaolian-v0.1/Public/front/js/jquery.mobile-1.4.5.min.map
INFO: [ app_init ] --START--
INFO: Run Behavior\BuildLiteBehavior [ RunTime:0.000013s ]
INFO: [ app_init ] --END-- [ RunTime:0.000291s ]
ERR: 无法加载模块:Public

[ 2016-12-20T08:53:19+08:00 ] 127.0.0.1 /xiaoliangit/xiaolian-v0.1/Public/front/js/jquery.mobile-1.4.5.min.map
INFO: [ app_init ] --START--
INFO: Run Behavior\BuildLiteBehavior [ RunTime:0.000013s ]
INFO: [ app_init ] --END-- [ RunTime:0.000295s ]
ERR: 无法加载模块:Public

[ 2016-12-20T08:54:00+08:00 ] 127.0.0.1 /xiaoliangit/xiaolian-v0.1/Public/front/js/jquery.mobile-1.4.5.min.map
INFO: [ app_init ] --START--
INFO: Run Behavior\BuildLiteBehavior [ RunTime:0.000017s ]
INFO: [ app_init ] --END-- [ RunTime:0.000378s ]
ERR: 无法加载模块:Public

[ 2016-12-20T08:54:07+08:00 ] 127.0.0.1 /xiaoliangit/xiaolian-v0.1/Public/front/js/jquery.mobile-1.4.5.min.map
INFO: [ app_init ] --START--
INFO: Run Behavior\BuildLiteBehavior [ RunTime:0.000012s ]
INFO: [ app_init ] --END-- [ RunTime:0.000293s ]
ERR: 无法加载模块:Public

[ 2016-12-20T08:54:20+08:00 ] 127.0.0.1 /xiaoliangit/xiaolian-v0.1/Public/front/js/jquery.mobile-1.4.5.min.map
INFO: [ app_init ] --START--
INFO: Run Behavior\BuildLiteBehavior [ RunTime:0.000013s ]
INFO: [ app_init ] --END-- [ RunTime:0.000326s ]
ERR: 无法加载模块:Public

[ 2016-12-20T08:54:24+08:00 ] 127.0.0.1 /xiaoliangit/xiaolian-v0.1/Public/front/js/jquery.mobile-1.4.5.min.map
INFO: [ app_init ] --START--
INFO: Run Behavior\BuildLiteBehavior [ RunTime:0.000011s ]
INFO: [ app_init ] --END-- [ RunTime:0.000285s ]
ERR: 无法加载模块:Public

[ 2016-12-20T08:54:27+08:00 ] 127.0.0.1 /xiaoliangit/xiaolian-v0.1/Public/front/js/jquery.mobile-1.4.5.min.map
INFO: [ app_init ] --START--
INFO: Run Behavior\BuildLiteBehavior [ RunTime:0.000019s ]
INFO: [ app_init ] --END-- [ RunTime:0.000448s ]
ERR: 无法加载模块:Public

[ 2016-12-20T08:55:09+08:00 ] 127.0.0.1 /xiaoliangit/xiaolian-v0.1/Public/front/js/jquery.mobile-1.4.5.min.map
INFO: [ app_init ] --START--
INFO: Run Behavior\BuildLiteBehavior [ RunTime:0.000016s ]
INFO: [ app_init ] --END-- [ RunTime:0.000422s ]
ERR: 无法加载模块:Public

[ 2016-12-20T08:55:13+08:00 ] 127.0.0.1 /xiaoliangit/xiaolian-v0.1/Public/front/js/jquery.mobile-1.4.5.min.map
INFO: [ app_init ] --START--
INFO: Run Behavior\BuildLiteBehavior [ RunTime:0.000018s ]
INFO: [ app_init ] --END-- [ RunTime:0.000441s ]
ERR: 无法加载模块:Public

[ 2016-12-20T08:55:15+08:00 ] 127.0.0.1 /xiaoliangit/xiaolian-v0.1/Public/front/js/jquery.mobile-1.4.5.min.map
INFO: [ app_init ] --START--
INFO: Run Behavior\BuildLiteBehavior [ RunTime:0.000013s ]
INFO: [ app_init ] --END-- [ RunTime:0.000340s ]
ERR: 无法加载模块:Public

[ 2016-12-20T08:55:26+08:00 ] 127.0.0.1 /xiaoliangit/xiaolian-v0.1/Public/front/js/jquery.mobile-1.4.5.min.map
INFO: [ app_init ] --START--
INFO: Run Behavior\BuildLiteBehavior [ RunTime:0.000018s ]
INFO: [ app_init ] --END-- [ RunTime:0.000430s ]
ERR: 无法加载模块:Public

[ 2016-12-20T08:55:27+08:00 ] 127.0.0.1 /xiaoliangit/xiaolian-v0.1/Public/front/js/jquery.mobile-1.4.5.min.map
INFO: [ app_init ] --START--
INFO: Run Behavior\BuildLiteBehavior [ RunTime:0.000018s ]
INFO: [ app_init ] --END-- [ RunTime:0.000384s ]
ERR: 无法加载模块:Public

[ 2016-12-20T08:55:29+08:00 ] 127.0.0.1 /xiaoliangit/xiaolian-v0.1/Public/front/js/jquery.mobile-1.4.5.min.map
INFO: [ app_init ] --START--
INFO: Run Behavior\BuildLiteBehavior [ RunTime:0.000012s ]
INFO: [ app_init ] --END-- [ RunTime:0.000305s ]
ERR: 无法加载模块:Public

[ 2016-12-20T08:55:59+08:00 ] 127.0.0.1 /xiaoliangit/xiaolian-v0.1/Public/front/js/jquery.mobile-1.4.5.min.map
INFO: [ app_init ] --START--
INFO: Run Behavior\BuildLiteBehavior [ RunTime:0.000022s ]
INFO: [ app_init ] --END-- [ RunTime:0.000610s ]
ERR: 无法加载模块:Public

[ 2016-12-20T08:56:28+08:00 ] 127.0.0.1 /xiaoliangit/xiaolian-v0.1/Public/front/js/jquery.mobile-1.4.5.min.map
INFO: [ app_init ] --START--
INFO: Run Behavior\BuildLiteBehavior [ RunTime:0.000018s ]
INFO: [ app_init ] --END-- [ RunTime:0.000445s ]
ERR: 无法加载模块:Public

[ 2016-12-20T08:56:44+08:00 ] 127.0.0.1 /xiaoliangit/xiaolian-v0.1/Public/front/js/jquery.mobile-1.4.5.min.map
INFO: [ app_init ] --START--
INFO: Run Behavior\BuildLiteBehavior [ RunTime:0.000018s ]
INFO: [ app_init ] --END-- [ RunTime:0.000492s ]
ERR: 无法加载模块:Public

[ 2016-12-20T08:57:36+08:00 ] 127.0.0.1 /xiaoliangit/xiaolian-v0.1/Public/front/js/jquery.mobile-1.4.5.min.map
INFO: [ app_init ] --START--
INFO: Run Behavior\BuildLiteBehavior [ RunTime:0.000012s ]
INFO: [ app_init ] --END-- [ RunTime:0.000289s ]
ERR: 无法加载模块:Public

[ 2016-12-20T08:58:28+08:00 ] 127.0.0.1 /xiaoliangit/xiaolian-v0.1/Public/front/js/jquery.mobile-1.4.5.min.map
INFO: [ app_init ] --START--
INFO: Run Behavior\BuildLiteBehavior [ RunTime:0.000013s ]
INFO: [ app_init ] --END-- [ RunTime:0.000331s ]
ERR: 无法加载模块:Public

[ 2016-12-20T08:58:32+08:00 ] 127.0.0.1 /xiaoliangit/xiaolian-v0.1/Public/front/js/jquery.mobile-1.4.5.min.map
INFO: [ app_init ] --START--
INFO: Run Behavior\BuildLiteBehavior [ RunTime:0.000019s ]
INFO: [ app_init ] --END-- [ RunTime:0.000456s ]
ERR: 无法加载模块:Public

[ 2016-12-20T08:58:33+08:00 ] 127.0.0.1 /xiaoliangit/xiaolian-v0.1/Public/front/js/iscroll-zoom.js
INFO: [ app_init ] --START--
INFO: Run Behavior\BuildLiteBehavior [ RunTime:0.000019s ]
INFO: [ app_init ] --END-- [ RunTime:0.000528s ]
ERR: 无法加载模块:Public

[ 2016-12-20T08:58:33+08:00 ] 127.0.0.1 /xiaoliangit/xiaolian-v0.1/Public/front/js/hammer.js
INFO: [ app_init ] --START--
INFO: Run Behavior\BuildLiteBehavior [ RunTime:0.000018s ]
INFO: [ app_init ] --END-- [ RunTime:0.000435s ]
ERR: 无法加载模块:Public

[ 2016-12-20T08:58:34+08:00 ] 127.0.0.1 /xiaoliangit/xiaolian-v0.1/Public/front/js/jquery.photoClip.js
INFO: [ app_init ] --START--
INFO: Run Behavior\BuildLiteBehavior [ RunTime:0.000013s ]
INFO: [ app_init ] --END-- [ RunTime:0.000322s ]
ERR: 无法加载模块:Public

[ 2016-12-20T08:58:34+08:00 ] 127.0.0.1 /xiaoliangit/xiaolian-v0.1/Public/front/js/jquery.mobile-1.4.5.min.map
INFO: [ app_init ] --START--
INFO: Run Behavior\BuildLiteBehavior [ RunTime:0.000017s ]
INFO: [ app_init ] --END-- [ RunTime:0.000443s ]
ERR: 无法加载模块:Public

[ 2016-12-20T08:58:34+08:00 ] 127.0.0.1 /xiaoliangit/xiaolian-v0.1/Public/front/js/hammer.js
INFO: [ app_init ] --START--
INFO: Run Behavior\BuildLiteBehavior [ RunTime:0.000016s ]
INFO: [ app_init ] --END-- [ RunTime:0.000464s ]
ERR: 无法加载模块:Public

[ 2016-12-20T08:58:34+08:00 ] 127.0.0.1 /xiaoliangit/xiaolian-v0.1/Public/front/js/jquery.photoClip.js
INFO: [ app_init ] --START--
INFO: Run Behavior\BuildLiteBehavior [ RunTime:0.000012s ]
INFO: [ app_init ] --END-- [ RunTime:0.000311s ]
ERR: 无法加载模块:Public

[ 2016-12-20T08:58:42+08:00 ] 127.0.0.1 /xiaoliangit/xiaolian-v0.1/Public/front/js/jquery.mobile-1.4.5.min.map
INFO: [ app_init ] --START--
INFO: Run Behavior\BuildLiteBehavior [ RunTime:0.000016s ]
INFO: [ app_init ] --END-- [ RunTime:0.000350s ]
ERR: 无法加载模块:Public

[ 2016-12-20T08:58:45+08:00 ] 127.0.0.1 /xiaoliangit/xiaolian-v0.1/Public/front/js/jquery.mobile-1.4.5.min.map
INFO: [ app_init ] --START--
INFO: Run Behavior\BuildLiteBehavior [ RunTime:0.000012s ]
INFO: [ app_init ] --END-- [ RunTime:0.000293s ]
ERR: 无法加载模块:Public

[ 2016-12-20T08:58:47+08:00 ] 127.0.0.1 /xiaoliangit/xiaolian-v0.1/Public/front/js/jquery.mobile-1.4.5.min.map
INFO: [ app_init ] --START--
INFO: Run Behavior\BuildLiteBehavior [ RunTime:0.000013s ]
INFO: [ app_init ] --END-- [ RunTime:0.000312s ]
ERR: 无法加载模块:Public

[ 2016-12-20T08:58:56+08:00 ] 127.0.0.1 /xiaoliangit/xiaolian-v0.1/Public/front/js/jquery.mobile-1.4.5.min.map
INFO: [ app_init ] --START--
INFO: Run Behavior\BuildLiteBehavior [ RunTime:0.000012s ]
INFO: [ app_init ] --END-- [ RunTime:0.000291s ]
ERR: 无法加载模块:Public

[ 2016-12-20T08:59:00+08:00 ] 127.0.0.1 /xiaoliangit/xiaolian-v0.1/Public/front/js/jquery.mobile-1.4.5.min.map
INFO: [ app_init ] --START--
INFO: Run Behavior\BuildLiteBehavior [ RunTime:0.000019s ]
INFO: [ app_init ] --END-- [ RunTime:0.000467s ]
ERR: 无法加载模块:Public

[ 2016-12-20T08:59:03+08:00 ] 127.0.0.1 /xiaoliangit/xiaolian-v0.1/Public/front/js/iscroll-zoom.js
INFO: [ app_init ] --START--
INFO: Run Behavior\BuildLiteBehavior [ RunTime:0.000018s ]
INFO: [ app_init ] --END-- [ RunTime:0.000431s ]
ERR: 无法加载模块:Public

[ 2016-12-20T08:59:03+08:00 ] 127.0.0.1 /xiaoliangit/xiaolian-v0.1/Public/front/js/hammer.js
INFO: [ app_init ] --START--
INFO: Run Behavior\BuildLiteBehavior [ RunTime:0.000018s ]
INFO: [ app_init ] --END-- [ RunTime:0.000451s ]
ERR: 无法加载模块:Public

[ 2016-12-20T08:59:03+08:00 ] 127.0.0.1 /xiaoliangit/xiaolian-v0.1/Public/front/js/jquery.photoClip.js
INFO: [ app_init ] --START--
INFO: Run Behavior\BuildLiteBehavior [ RunTime:0.000021s ]
INFO: [ app_init ] --END-- [ RunTime:0.000548s ]
ERR: 无法加载模块:Public

[ 2016-12-20T08:59:03+08:00 ] 127.0.0.1 /xiaoliangit/xiaolian-v0.1/Public/front/js/jquery.mobile-1.4.5.min.map
INFO: [ app_init ] --START--
INFO: Run Behavior\BuildLiteBehavior [ RunTime:0.000018s ]
INFO: [ app_init ] --END-- [ RunTime:0.000448s ]
ERR: 无法加载模块:Public

[ 2016-12-20T08:59:03+08:00 ] 127.0.0.1 /xiaoliangit/xiaolian-v0.1/Public/front/js/iscroll-zoom.js
INFO: [ app_init ] --START--
INFO: Run Behavior\BuildLiteBehavior [ RunTime:0.000026s ]
INFO: [ app_init ] --END-- [ RunTime:0.000681s ]
ERR: 无法加载模块:Public

[ 2016-12-20T08:59:03+08:00 ] 127.0.0.1 /xiaoliangit/xiaolian-v0.1/Public/front/js/hammer.js
INFO: [ app_init ] --START--
INFO: Run Behavior\BuildLiteBehavior [ RunTime:0.000010s ]
INFO: [ app_init ] --END-- [ RunTime:0.000271s ]
ERR: 无法加载模块:Public

[ 2016-12-20T08:59:03+08:00 ] 127.0.0.1 /xiaoliangit/xiaolian-v0.1/Public/front/js/jquery.photoClip.js
INFO: [ app_init ] --START--
INFO: Run Behavior\BuildLiteBehavior [ RunTime:0.000013s ]
INFO: [ app_init ] --END-- [ RunTime:0.000295s ]
ERR: 无法加载模块:Public

[ 2016-12-20T08:59:17+08:00 ] 127.0.0.1 /xiaoliangit/xiaolian-v0.1/Public/front/js/jquery.mobile-1.4.5.min.map
INFO: [ app_init ] --START--
INFO: Run Behavior\BuildLiteBehavior [ RunTime:0.000013s ]
INFO: [ app_init ] --END-- [ RunTime:0.000300s ]
ERR: 无法加载模块:Public

[ 2016-12-20T08:59:20+08:00 ] 127.0.0.1 /xiaoliangit/xiaolian-v0.1/Public/front/js/jquery.mobile-1.4.5.min.map
INFO: [ app_init ] --START--
INFO: Run Behavior\BuildLiteBehavior [ RunTime:0.000018s ]
INFO: [ app_init ] --END-- [ RunTime:0.000460s ]
ERR: 无法加载模块:Public

[ 2016-12-20T08:59:26+08:00 ] 127.0.0.1 /xiaoliangit/xiaolian-v0.1/Public/front/js/jquery.mobile-1.4.5.min.map
INFO: [ app_init ] --START--
INFO: Run Behavior\BuildLiteBehavior [ RunTime:0.000020s ]
INFO: [ app_init ] --END-- [ RunTime:0.000466s ]
ERR: 无法加载模块:Public

[ 2016-12-20T08:59:30+08:00 ] 127.0.0.1 /xiaoliangit/xiaolian-v0.1/Public/front/js/jquery.mobile-1.4.5.min.map
INFO: [ app_init ] --START--
INFO: Run Behavior\BuildLiteBehavior [ RunTime:0.000011s ]
INFO: [ app_init ] --END-- [ RunTime:0.000284s ]
ERR: 无法加载模块:Public

[ 2016-12-20T08:59:46+08:00 ] 127.0.0.1 /xiaoliangit/xiaolian-v0.1/Public/front/js/jquery.mobile-1.4.5.min.map
INFO: [ app_init ] --START--
INFO: Run Behavior\BuildLiteBehavior [ RunTime:0.000012s ]
INFO: [ app_init ] --END-- [ RunTime:0.000298s ]
ERR: 无法加载模块:Public

[ 2016-12-20T09:00:30+08:00 ] 127.0.0.1 /xiaoliangit/xiaolian-v0.1/Public/front/js/jquery.mobile-1.4.5.min.map
INFO: [ app_init ] --START--
INFO: Run Behavior\BuildLiteBehavior [ RunTime:0.000017s ]
INFO: [ app_init ] --END-- [ RunTime:0.000463s ]
ERR: 无法加载模块:Public

[ 2016-12-20T09:01:20+08:00 ] 127.0.0.1 /xiaoliangit/xiaolian-v0.1/Public/front/js/jquery.mobile-1.4.5.min.map
INFO: [ app_init ] --START--
INFO: Run Behavior\BuildLiteBehavior [ RunTime:0.000018s ]
INFO: [ app_init ] --END-- [ RunTime:0.000446s ]
ERR: 无法加载模块:Public

[ 2016-12-20T09:01:25+08:00 ] 127.0.0.1 /xiaoliangit/xiaolian-v0.1/Public/front/js/jquery.mobile-1.4.5.min.map
INFO: [ app_init ] --START--
INFO: Run Behavior\BuildLiteBehavior [ RunTime:0.000013s ]
INFO: [ app_init ] --END-- [ RunTime:0.000333s ]
ERR: 无法加载模块:Public

[ 2016-12-20T09:02:07+08:00 ] 127.0.0.1 /xiaoliangit/xiaolian-v0.1/Public/front/js/jquery.mobile-1.4.5.min.map
INFO: [ app_init ] --START--
INFO: Run Behavior\BuildLiteBehavior [ RunTime:0.000018s ]
INFO: [ app_init ] --END-- [ RunTime:0.000462s ]
ERR: 无法加载模块:Public

[ 2016-12-20T09:03:30+08:00 ] 127.0.0.1 /xiaoliangit/xiaolian-v0.1/Public/front/js/jquery.mobile-1.4.5.min.map
INFO: [ app_init ] --START--
INFO: Run Behavior\BuildLiteBehavior [ RunTime:0.000018s ]
INFO: [ app_init ] --END-- [ RunTime:0.000781s ]
ERR: 无法加载模块:Public

[ 2016-12-20T09:03:44+08:00 ] 127.0.0.1 /xiaoliangit/xiaolian-v0.1/Public/front/js/jquery.mobile-1.4.5.min.map
INFO: [ app_init ] --START--
INFO: Run Behavior\BuildLiteBehavior [ RunTime:0.000012s ]
INFO: [ app_init ] --END-- [ RunTime:0.000320s ]
ERR: 无法加载模块:Public

[ 2016-12-20T09:03:45+08:00 ] 127.0.0.1 /xiaoliangit/xiaolian-v0.1/Public/front/js/jquery.mobile-1.4.5.min.map
INFO: [ app_init ] --START--
INFO: Run Behavior\BuildLiteBehavior [ RunTime:0.000019s ]
INFO: [ app_init ] --END-- [ RunTime:0.000528s ]
ERR: 无法加载模块:Public

[ 2016-12-20T09:03:48+08:00 ] 127.0.0.1 /xiaoliangit/xiaolian-v0.1/Public/front/js/jquery.mobile-1.4.5.min.map
INFO: [ app_init ] --START--
INFO: Run Behavior\BuildLiteBehavior [ RunTime:0.000012s ]
INFO: [ app_init ] --END-- [ RunTime:0.000320s ]
ERR: 无法加载模块:Public

[ 2016-12-20T09:03:56+08:00 ] 127.0.0.1 /xiaoliangit/xiaolian-v0.1/Public/front/js/jquery.mobile-1.4.5.min.map
INFO: [ app_init ] --START--
INFO: Run Behavior\BuildLiteBehavior [ RunTime:0.000024s ]
INFO: [ app_init ] --END-- [ RunTime:0.000511s ]
ERR: 无法加载模块:Public

[ 2016-12-20T09:04:00+08:00 ] 127.0.0.1 /xiaoliangit/xiaolian-v0.1/Public/front/js/jquery.mobile-1.4.5.min.map
INFO: [ app_init ] --START--
INFO: Run Behavior\BuildLiteBehavior [ RunTime:0.000020s ]
INFO: [ app_init ] --END-- [ RunTime:0.000597s ]
ERR: 无法加载模块:Public

[ 2016-12-20T09:04:03+08:00 ] 127.0.0.1 /xiaoliangit/xiaolian-v0.1/Public/front/js/jquery.mobile-1.4.5.min.map
INFO: [ app_init ] --START--
INFO: Run Behavior\BuildLiteBehavior [ RunTime:0.000018s ]
INFO: [ app_init ] --END-- [ RunTime:0.000525s ]
ERR: 无法加载模块:Public

[ 2016-12-20T09:04:04+08:00 ] 127.0.0.1 /xiaoliangit/xiaolian-v0.1/Public/front/js/jquery.mobile-1.4.5.min.map
INFO: [ app_init ] --START--
INFO: Run Behavior\BuildLiteBehavior [ RunTime:0.000020s ]
INFO: [ app_init ] --END-- [ RunTime:0.001080s ]
ERR: 无法加载模块:Public

[ 2016-12-20T09:04:26+08:00 ] 127.0.0.1 /xiaoliangit/xiaolian-v0.1/Public/front/js/jquery.mobile-1.4.5.min.map
INFO: [ app_init ] --START--
INFO: Run Behavior\BuildLiteBehavior [ RunTime:0.000014s ]
INFO: [ app_init ] --END-- [ RunTime:0.000358s ]
ERR: 无法加载模块:Public

[ 2016-12-20T09:04:45+08:00 ] 127.0.0.1 /xiaoliangit/xiaolian-v0.1/Public/front/js/jquery.mobile-1.4.5.min.map
INFO: [ app_init ] --START--
INFO: Run Behavior\BuildLiteBehavior [ RunTime:0.000012s ]
INFO: [ app_init ] --END-- [ RunTime:0.000342s ]
ERR: 无法加载模块:Public

[ 2016-12-20T09:04:51+08:00 ] 127.0.0.1 /xiaoliangit/xiaolian-v0.1/Public/front/js/jquery.mobile-1.4.5.min.map
INFO: [ app_init ] --START--
INFO: Run Behavior\BuildLiteBehavior [ RunTime:0.000013s ]
INFO: [ app_init ] --END-- [ RunTime:0.000336s ]
ERR: 无法加载模块:Public

[ 2016-12-20T09:04:52+08:00 ] 127.0.0.1 /xiaoliangit/xiaolian-v0.1/Public/front/js/jquery.mobile-1.4.5.min.map
INFO: [ app_init ] --START--
INFO: Run Behavior\BuildLiteBehavior [ RunTime:0.000013s ]
INFO: [ app_init ] --END-- [ RunTime:0.000323s ]
ERR: 无法加载模块:Public

[ 2016-12-20T09:05:34+08:00 ] 127.0.0.1 /xiaoliangit/xiaolian-v0.1/Public/front/js/jquery.mobile-1.4.5.min.map
INFO: [ app_init ] --START--
INFO: Run Behavior\BuildLiteBehavior [ RunTime:0.000013s ]
INFO: [ app_init ] --END-- [ RunTime:0.000399s ]
ERR: 无法加载模块:Public

[ 2016-12-20T09:05:35+08:00 ] 127.0.0.1 /xiaoliangit/xiaolian-v0.1/Public/front/js/jquery.mobile-1.4.5.min.map
INFO: [ app_init ] --START--
INFO: Run Behavior\BuildLiteBehavior [ RunTime:0.000013s ]
INFO: [ app_init ] --END-- [ RunTime:0.000344s ]
ERR: 无法加载模块:Public

[ 2016-12-20T09:12:55+08:00 ] 127.0.0.1 /xiaoliangit/xiaolian-v0.1/Public/front/js/jquery.mobile-1.4.5.min.map
INFO: [ app_init ] --START--
INFO: Run Behavior\BuildLiteBehavior [ RunTime:0.000014s ]
INFO: [ app_init ] --END-- [ RunTime:0.000360s ]
ERR: 无法加载模块:Public

[ 2016-12-20T09:14:27+08:00 ] 127.0.0.1 /xiaoliangit/xiaolian-v0.1/Public/front/js/jquery.mobile-1.4.5.min.map
INFO: [ app_init ] --START--
INFO: Run Behavior\BuildLiteBehavior [ RunTime:0.000013s ]
INFO: [ app_init ] --END-- [ RunTime:0.000321s ]
ERR: 无法加载模块:Public

[ 2016-12-20T09:14:31+08:00 ] 127.0.0.1 /xiaoliangit/xiaolian-v0.1/Public/front/js/jquery.mobile-1.4.5.min.map
INFO: [ app_init ] --START--
INFO: Run Behavior\BuildLiteBehavior [ RunTime:0.000020s ]
INFO: [ app_init ] --END-- [ RunTime:0.000549s ]
ERR: 无法加载模块:Public

[ 2016-12-20T09:14:33+08:00 ] 127.0.0.1 /xiaoliangit/xiaolian-v0.1/Public/front/js/jquery.mobile-1.4.5.min.map
INFO: [ app_init ] --START--
INFO: Run Behavior\BuildLiteBehavior [ RunTime:0.000017s ]
INFO: [ app_init ] --END-- [ RunTime:0.000484s ]
ERR: 无法加载模块:Public

[ 2016-12-20T09:14:35+08:00 ] 127.0.0.1 /xiaoliangit/xiaolian-v0.1/Public/front/js/hammer.js
INFO: [ app_init ] --START--
INFO: Run Behavior\BuildLiteBehavior [ RunTime:0.000018s ]
INFO: [ app_init ] --END-- [ RunTime:0.000489s ]
ERR: 无法加载模块:Public

[ 2016-12-20T09:14:35+08:00 ] 127.0.0.1 /xiaoliangit/xiaolian-v0.1/Public/front/js/jquery.photoClip.js
INFO: [ app_init ] --START--
INFO: Run Behavior\BuildLiteBehavior [ RunTime:0.000019s ]
INFO: [ app_init ] --END-- [ RunTime:0.000478s ]
ERR: 无法加载模块:Public

[ 2016-12-20T09:14:35+08:00 ] 127.0.0.1 /xiaoliangit/xiaolian-v0.1/Public/front/js/iscroll-zoom.js
INFO: [ app_init ] --START--
INFO: Run Behavior\BuildLiteBehavior [ RunTime:0.000019s ]
INFO: [ app_init ] --END-- [ RunTime:0.000429s ]
ERR: 无法加载模块:Public

[ 2016-12-20T09:14:35+08:00 ] 127.0.0.1 /xiaoliangit/xiaolian-v0.1/Public/front/js/jquery.mobile-1.4.5.min.map
INFO: [ app_init ] --START--
INFO: Run Behavior\BuildLiteBehavior [ RunTime:0.000017s ]
INFO: [ app_init ] --END-- [ RunTime:0.000413s ]
ERR: 无法加载模块:Public

[ 2016-12-20T09:14:35+08:00 ] 127.0.0.1 /xiaoliangit/xiaolian-v0.1/Public/front/js/hammer.js
INFO: [ app_init ] --START--
INFO: Run Behavior\BuildLiteBehavior [ RunTime:0.000011s ]
INFO: [ app_init ] --END-- [ RunTime:0.000285s ]
ERR: 无法加载模块:Public

[ 2016-12-20T09:14:35+08:00 ] 127.0.0.1 /xiaoliangit/xiaolian-v0.1/Public/front/js/jquery.photoClip.js
INFO: [ app_init ] --START--
INFO: Run Behavior\BuildLiteBehavior [ RunTime:0.000022s ]
INFO: [ app_init ] --END-- [ RunTime:0.000321s ]
ERR: 无法加载模块:Public

[ 2016-12-20T09:14:43+08:00 ] 127.0.0.1 /xiaoliangit/xiaolian-v0.1/Public/front/js/jquery.mobile-1.4.5.min.map
INFO: [ app_init ] --START--
INFO: Run Behavior\BuildLiteBehavior [ RunTime:0.000022s ]
INFO: [ app_init ] --END-- [ RunTime:0.000554s ]
ERR: 无法加载模块:Public

[ 2016-12-20T09:14:45+08:00 ] 127.0.0.1 /xiaoliangit/xiaolian-v0.1/Public/front/js/hammer.js
INFO: [ app_init ] --START--
INFO: Run Behavior\BuildLiteBehavior [ RunTime:0.000019s ]
INFO: [ app_init ] --END-- [ RunTime:0.000424s ]
ERR: 无法加载模块:Public

[ 2016-12-20T09:14:45+08:00 ] 127.0.0.1 /xiaoliangit/xiaolian-v0.1/Public/front/js/iscroll-zoom.js
INFO: [ app_init ] --START--
INFO: Run Behavior\BuildLiteBehavior [ RunTime:0.000018s ]
INFO: [ app_init ] --END-- [ RunTime:0.000477s ]
ERR: 无法加载模块:Public

[ 2016-12-20T09:14:45+08:00 ] 127.0.0.1 /xiaoliangit/xiaolian-v0.1/Public/front/js/jquery.photoClip.js
INFO: [ app_init ] --START--
INFO: Run Behavior\BuildLiteBehavior [ RunTime:0.000013s ]
INFO: [ app_init ] --END-- [ RunTime:0.000330s ]
ERR: 无法加载模块:Public

[ 2016-12-20T09:14:45+08:00 ] 127.0.0.1 /xiaoliangit/xiaolian-v0.1/Public/front/js/jquery.mobile-1.4.5.min.map
INFO: [ app_init ] --START--
INFO: Run Behavior\BuildLiteBehavior [ RunTime:0.000012s ]
INFO: [ app_init ] --END-- [ RunTime:0.000296s ]
ERR: 无法加载模块:Public

[ 2016-12-20T09:14:45+08:00 ] 127.0.0.1 /xiaoliangit/xiaolian-v0.1/Public/front/js/iscroll-zoom.js
INFO: [ app_init ] --START--
INFO: Run Behavior\BuildLiteBehavior [ RunTime:0.000014s ]
INFO: [ app_init ] --END-- [ RunTime:0.000354s ]
ERR: 无法加载模块:Public

[ 2016-12-20T09:14:45+08:00 ] 127.0.0.1 /xiaoliangit/xiaolian-v0.1/Public/front/js/hammer.js
INFO: [ app_init ] --START--
INFO: Run Behavior\BuildLiteBehavior [ RunTime:0.000012s ]
INFO: [ app_init ] --END-- [ RunTime:0.000334s ]
ERR: 无法加载模块:Public

[ 2016-12-20T09:14:45+08:00 ] 127.0.0.1 /xiaoliangit/xiaolian-v0.1/Public/front/js/jquery.photoClip.js
INFO: [ app_init ] --START--
INFO: Run Behavior\BuildLiteBehavior [ RunTime:0.000011s ]
INFO: [ app_init ] --END-- [ RunTime:0.000272s ]
ERR: 无法加载模块:Public

[ 2016-12-20T09:15:04+08:00 ] 127.0.0.1 /xiaoliangit/xiaolian-v0.1/Public/front/js/jquery.mobile-1.4.5.min.map
INFO: [ app_init ] --START--
INFO: Run Behavior\BuildLiteBehavior [ RunTime:0.000013s ]
INFO: [ app_init ] --END-- [ RunTime:0.000303s ]
ERR: 无法加载模块:Public

[ 2016-12-20T09:15:05+08:00 ] 127.0.0.1 /xiaoliangit/xiaolian-v0.1/Public/front/js/jquery.mobile-1.4.5.min.map
INFO: [ app_init ] --START--
INFO: Run Behavior\BuildLiteBehavior [ RunTime:0.000012s ]
INFO: [ app_init ] --END-- [ RunTime:0.000309s ]
ERR: 无法加载模块:Public

[ 2016-12-20T09:15:06+08:00 ] 127.0.0.1 /xiaoliangit/xiaolian-v0.1/Public/front/js/jquery.mobile-1.4.5.min.map
INFO: [ app_init ] --START--
INFO: Run Behavior\BuildLiteBehavior [ RunTime:0.000013s ]
INFO: [ app_init ] --END-- [ RunTime:0.000297s ]
ERR: 无法加载模块:Public

[ 2016-12-20T09:15:14+08:00 ] 127.0.0.1 /xiaoliangit/xiaolian-v0.1/Public/front/js/jquery.mobile-1.4.5.min.map
INFO: [ app_init ] --START--
INFO: Run Behavior\BuildLiteBehavior [ RunTime:0.000013s ]
INFO: [ app_init ] --END-- [ RunTime:0.000349s ]
ERR: 无法加载模块:Public

[ 2016-12-20T09:15:18+08:00 ] 127.0.0.1 /xiaoliangit/xiaolian-v0.1/Public/front/js/jquery.js
INFO: [ app_init ] --START--
INFO: Run Behavior\BuildLiteBehavior [ RunTime:0.000020s ]
INFO: [ app_init ] --END-- [ RunTime:0.000472s ]
ERR: 无法加载模块:Public

[ 2016-12-20T09:15:18+08:00 ] 127.0.0.1 /xiaoliangit/xiaolian-v0.1/Public/front/js/jquery.mobile-1.4.5.min.map
INFO: [ app_init ] --START--
INFO: Run Behavior\BuildLiteBehavior [ RunTime:0.000017s ]
INFO: [ app_init ] --END-- [ RunTime:0.000450s ]
ERR: 无法加载模块:Public

[ 2016-12-20T09:15:18+08:00 ] 127.0.0.1 /xiaoliangit/xiaolian-v0.1/Public/front/js/jquery.js
INFO: [ app_init ] --START--
INFO: Run Behavior\BuildLiteBehavior [ RunTime:0.000018s ]
INFO: [ app_init ] --END-- [ RunTime:0.000437s ]
ERR: 无法加载模块:Public

[ 2016-12-20T09:15:21+08:00 ] 127.0.0.1 /xiaoliangit/xiaolian-v0.1/Public/front/js/jquery.mobile-1.4.5.min.map
INFO: [ app_init ] --START--
INFO: Run Behavior\BuildLiteBehavior [ RunTime:0.000017s ]
INFO: [ app_init ] --END-- [ RunTime:0.000435s ]
ERR: 无法加载模块:Public

[ 2016-12-20T09:15:22+08:00 ] 127.0.0.1 /xiaoliangit/xiaolian-v0.1/Public/front/js/jquery.mobile-1.4.5.min.map
INFO: [ app_init ] --START--
INFO: Run Behavior\BuildLiteBehavior [ RunTime:0.000021s ]
INFO: [ app_init ] --END-- [ RunTime:0.000555s ]
ERR: 无法加载模块:Public

[ 2016-12-20T09:15:42+08:00 ] 127.0.0.1 /xiaoliangit/xiaolian-v0.1/Public/front/js/jquery.mobile-1.4.5.min.map
INFO: [ app_init ] --START--
INFO: Run Behavior\BuildLiteBehavior [ RunTime:0.000018s ]
INFO: [ app_init ] --END-- [ RunTime:0.000455s ]
ERR: 无法加载模块:Public

[ 2016-12-20T09:16:41+08:00 ] 127.0.0.1 /xiaoliangit/xiaolian-v0.1/Public/front/js/jquery.mobile-1.4.5.min.map
INFO: [ app_init ] --START--
INFO: Run Behavior\BuildLiteBehavior [ RunTime:0.000012s ]
INFO: [ app_init ] --END-- [ RunTime:0.000330s ]
ERR: 无法加载模块:Public

[ 2016-12-20T09:16:45+08:00 ] 127.0.0.1 /xiaoliangit/xiaolian-v0.1/Public/front/js/jquery.mobile-1.4.5.min.map
INFO: [ app_init ] --START--
INFO: Run Behavior\BuildLiteBehavior [ RunTime:0.000011s ]
INFO: [ app_init ] --END-- [ RunTime:0.000282s ]
ERR: 无法加载模块:Public

[ 2016-12-20T09:16:48+08:00 ] 127.0.0.1 /xiaoliangit/xiaolian-v0.1/Public/front/js/jquery.mobile-1.4.5.min.map
INFO: [ app_init ] --START--
INFO: Run Behavior\BuildLiteBehavior [ RunTime:0.000012s ]
INFO: [ app_init ] --END-- [ RunTime:0.000292s ]
ERR: 无法加载模块:Public

[ 2016-12-20T09:17:07+08:00 ] 127.0.0.1 /xiaoliangit/xiaolian-v0.1/Public/front/js/jquery.mobile-1.4.5.min.map
INFO: [ app_init ] --START--
INFO: Run Behavior\BuildLiteBehavior [ RunTime:0.000012s ]
INFO: [ app_init ] --END-- [ RunTime:0.000302s ]
ERR: 无法加载模块:Public

[ 2016-12-20T09:17:34+08:00 ] 127.0.0.1 /xiaoliangit/xiaolian-v0.1/Public/front/js/jquery.mobile-1.4.5.min.map
INFO: [ app_init ] --START--
INFO: Run Behavior\BuildLiteBehavior [ RunTime:0.000018s ]
INFO: [ app_init ] --END-- [ RunTime:0.000501s ]
ERR: 无法加载模块:Public

[ 2016-12-20T09:17:47+08:00 ] 127.0.0.1 /xiaoliangit/xiaolian-v0.1/Public/front/js/jquery.mobile-1.4.5.min.map
INFO: [ app_init ] --START--
INFO: Run Behavior\BuildLiteBehavior [ RunTime:0.000017s ]
INFO: [ app_init ] --END-- [ RunTime:0.000442s ]
ERR: 无法加载模块:Public

[ 2016-12-20T09:17:50+08:00 ] 127.0.0.1 /xiaoliangit/xiaolian-v0.1/Public/front/js/jquery.mobile-1.4.5.min.map
INFO: [ app_init ] --START--
INFO: Run Behavior\BuildLiteBehavior [ RunTime:0.000012s ]
INFO: [ app_init ] --END-- [ RunTime:0.000293s ]
ERR: 无法加载模块:Public

[ 2016-12-20T09:17:52+08:00 ] 127.0.0.1 /xiaoliangit/xiaolian-v0.1/Public/front/js/iscroll-zoom.js
INFO: [ app_init ] --START--
INFO: Run Behavior\BuildLiteBehavior [ RunTime:0.000017s ]
INFO: [ app_init ] --END-- [ RunTime:0.000422s ]
ERR: 无法加载模块:Public

[ 2016-12-20T09:17:52+08:00 ] 127.0.0.1 /xiaoliangit/xiaolian-v0.1/Public/front/js/hammer.js
INFO: [ app_init ] --START--
INFO: Run Behavior\BuildLiteBehavior [ RunTime:0.000018s ]
INFO: [ app_init ] --END-- [ RunTime:0.000509s ]
ERR: 无法加载模块:Public

[ 2016-12-20T09:17:52+08:00 ] 127.0.0.1 /xiaoliangit/xiaolian-v0.1/Public/front/js/jquery.photoClip.js
INFO: [ app_init ] --START--
INFO: Run Behavior\BuildLiteBehavior [ RunTime:0.000018s ]
INFO: [ app_init ] --END-- [ RunTime:0.000491s ]
ERR: 无法加载模块:Public

[ 2016-12-20T09:17:52+08:00 ] 127.0.0.1 /xiaoliangit/xiaolian-v0.1/Public/front/js/jquery.mobile-1.4.5.min.map
INFO: [ app_init ] --START--
INFO: Run Behavior\BuildLiteBehavior [ RunTime:0.000018s ]
INFO: [ app_init ] --END-- [ RunTime:0.000463s ]
ERR: 无法加载模块:Public

[ 2016-12-20T09:17:52+08:00 ] 127.0.0.1 /xiaoliangit/xiaolian-v0.1/Public/front/js/iscroll-zoom.js
INFO: [ app_init ] --START--
INFO: Run Behavior\BuildLiteBehavior [ RunTime:0.000014s ]
INFO: [ app_init ] --END-- [ RunTime:0.000430s ]
ERR: 无法加载模块:Public

[ 2016-12-20T09:17:52+08:00 ] 127.0.0.1 /xiaoliangit/xiaolian-v0.1/Public/front/js/hammer.js
INFO: [ app_init ] --START--
INFO: Run Behavior\BuildLiteBehavior [ RunTime:0.000011s ]
INFO: [ app_init ] --END-- [ RunTime:0.000282s ]
ERR: 无法加载模块:Public

[ 2016-12-20T09:17:53+08:00 ] 127.0.0.1 /xiaoliangit/xiaolian-v0.1/Public/front/js/jquery.photoClip.js
INFO: [ app_init ] --START--
INFO: Run Behavior\BuildLiteBehavior [ RunTime:0.000012s ]
INFO: [ app_init ] --END-- [ RunTime:0.000329s ]
ERR: 无法加载模块:Public

[ 2016-12-20T09:19:03+08:00 ] 127.0.0.1 /xiaoliangit/xiaolian-v0.1/Public/front/js/jquery.mobile-1.4.5.min.map
INFO: [ app_init ] --START--
INFO: Run Behavior\BuildLiteBehavior [ RunTime:0.000019s ]
INFO: [ app_init ] --END-- [ RunTime:0.000525s ]
ERR: 无法加载模块:Public

[ 2016-12-20T09:19:06+08:00 ] 127.0.0.1 /xiaoliangit/xiaolian-v0.1/Public/front/js/jquery.mobile-1.4.5.min.map
INFO: [ app_init ] --START--
INFO: Run Behavior\BuildLiteBehavior [ RunTime:0.000012s ]
INFO: [ app_init ] --END-- [ RunTime:0.000314s ]
ERR: 无法加载模块:Public

[ 2016-12-20T09:19:09+08:00 ] 127.0.0.1 /xiaoliangit/xiaolian-v0.1/Public/front/js/jquery.mobile-1.4.5.min.map
INFO: [ app_init ] --START--
INFO: Run Behavior\BuildLiteBehavior [ RunTime:0.000012s ]
INFO: [ app_init ] --END-- [ RunTime:0.000288s ]
ERR: 无法加载模块:Public

[ 2016-12-20T09:19:11+08:00 ] 127.0.0.1 /xiaoliangit/xiaolian-v0.1/Public/front/js/jquery.mobile-1.4.5.min.map
INFO: [ app_init ] --START--
INFO: Run Behavior\BuildLiteBehavior [ RunTime:0.000019s ]
INFO: [ app_init ] --END-- [ RunTime:0.000455s ]
ERR: 无法加载模块:Public

[ 2016-12-20T09:19:57+08:00 ] 127.0.0.1 /xiaoliangit/xiaolian-v0.1/Public/front/js/jquery.mobile-1.4.5.min.map
INFO: [ app_init ] --START--
INFO: Run Behavior\BuildLiteBehavior [ RunTime:0.000013s ]
INFO: [ app_init ] --END-- [ RunTime:0.000321s ]
ERR: 无法加载模块:Public

[ 2016-12-20T09:20:23+08:00 ] 127.0.0.1 /xiaoliangit/xiaolian-v0.1/Public/front/js/jquery.mobile-1.4.5.min.map
INFO: [ app_init ] --START--
INFO: Run Behavior\BuildLiteBehavior [ RunTime:0.000014s ]
INFO: [ app_init ] --END-- [ RunTime:0.000349s ]
ERR: 无法加载模块:Public

[ 2016-12-20T09:20:52+08:00 ] 127.0.0.1 /xiaoliangit/xiaolian-v0.1/Public/front/js/jquery.mobile-1.4.5.min.map
INFO: [ app_init ] --START--
INFO: Run Behavior\BuildLiteBehavior [ RunTime:0.000013s ]
INFO: [ app_init ] --END-- [ RunTime:0.000306s ]
ERR: 无法加载模块:Public

[ 2016-12-20T09:21:22+08:00 ] 127.0.0.1 /xiaoliangit/xiaolian-v0.1/Public/front/js/jquery.mobile-1.4.5.min.map
INFO: [ app_init ] --START--
INFO: Run Behavior\BuildLiteBehavior [ RunTime:0.000018s ]
INFO: [ app_init ] --END-- [ RunTime:0.000500s ]
ERR: 无法加载模块:Public

[ 2016-12-20T09:22:17+08:00 ] 127.0.0.1 /xiaoliangit/xiaolian-v0.1/Public/front/js/jquery.mobile-1.4.5.min.map
INFO: [ app_init ] --START--
INFO: Run Behavior\BuildLiteBehavior [ RunTime:0.000014s ]
INFO: [ app_init ] --END-- [ RunTime:0.000343s ]
ERR: 无法加载模块:Public

[ 2016-12-20T09:22:21+08:00 ] 127.0.0.1 /xiaoliangit/xiaolian-v0.1/Public/front/js/jquery.mobile-1.4.5.min.map
INFO: [ app_init ] --START--
INFO: Run Behavior\BuildLiteBehavior [ RunTime:0.000014s ]
INFO: [ app_init ] --END-- [ RunTime:0.000757s ]
ERR: 无法加载模块:Public

[ 2016-12-20T09:22:47+08:00 ] 127.0.0.1 /xiaoliangit/xiaolian-v0.1/Public/front/js/jquery.mobile-1.4.5.min.map
INFO: [ app_init ] --START--
INFO: Run Behavior\BuildLiteBehavior [ RunTime:0.000018s ]
INFO: [ app_init ] --END-- [ RunTime:0.000514s ]
ERR: 无法加载模块:Public

[ 2016-12-20T09:23:03+08:00 ] 127.0.0.1 /xiaoliangit/xiaolian-v0.1/Public/front/js/jquery.mobile-1.4.5.min.map
INFO: [ app_init ] --START--
INFO: Run Behavior\BuildLiteBehavior [ RunTime:0.000014s ]
INFO: [ app_init ] --END-- [ RunTime:0.000318s ]
ERR: 无法加载模块:Public

[ 2016-12-20T09:23:11+08:00 ] 127.0.0.1 /xiaoliangit/xiaolian-v0.1/Public/front/js/jquery.mobile-1.4.5.min.map
INFO: [ app_init ] --START--
INFO: Run Behavior\BuildLiteBehavior [ RunTime:0.000018s ]
INFO: [ app_init ] --END-- [ RunTime:0.000519s ]
ERR: 无法加载模块:Public

[ 2016-12-20T09:23:29+08:00 ] 127.0.0.1 /xiaoliangit/xiaolian-v0.1/Public/front/js/jquery.mobile-1.4.5.min.map
INFO: [ app_init ] --START--
INFO: Run Behavior\BuildLiteBehavior [ RunTime:0.000012s ]
INFO: [ app_init ] --END-- [ RunTime:0.000322s ]
ERR: 无法加载模块:Public

[ 2016-12-20T09:23:39+08:00 ] 127.0.0.1 /xiaoliangit/xiaolian-v0.1/Public/front/js/jquery.mobile-1.4.5.min.map
INFO: [ app_init ] --START--
INFO: Run Behavior\BuildLiteBehavior [ RunTime:0.000017s ]
INFO: [ app_init ] --END-- [ RunTime:0.000455s ]
ERR: 无法加载模块:Public

[ 2016-12-20T09:23:55+08:00 ] 127.0.0.1 /xiaoliangit/xiaolian-v0.1/Public/front/js/jquery.mobile-1.4.5.min.map
INFO: [ app_init ] --START--
INFO: Run Behavior\BuildLiteBehavior [ RunTime:0.000012s ]
INFO: [ app_init ] --END-- [ RunTime:0.000291s ]
ERR: 无法加载模块:Public

[ 2016-12-20T09:26:14+08:00 ] 127.0.0.1 /xiaoliangit/xiaolian-v0.1/Public/front/js/jquery.mobile-1.4.5.min.map
INFO: [ app_init ] --START--
INFO: Run Behavior\BuildLiteBehavior [ RunTime:0.000018s ]
INFO: [ app_init ] --END-- [ RunTime:0.000449s ]
ERR: 无法加载模块:Public

[ 2016-12-20T09:26:33+08:00 ] 127.0.0.1 /xiaoliangit/xiaolian-v0.1/Public/front/js/jquery.mobile-1.4.5.min.map
INFO: [ app_init ] --START--
INFO: Run Behavior\BuildLiteBehavior [ RunTime:0.000012s ]
INFO: [ app_init ] --END-- [ RunTime:0.000289s ]
ERR: 无法加载模块:Public

[ 2016-12-20T09:26:41+08:00 ] 127.0.0.1 /xiaoliangit/xiaolian-v0.1/Public/front/js/jquery.mobile-1.4.5.min.map
INFO: [ app_init ] --START--
INFO: Run Behavior\BuildLiteBehavior [ RunTime:0.000012s ]
INFO: [ app_init ] --END-- [ RunTime:0.000311s ]
ERR: 无法加载模块:Public

[ 2016-12-20T09:26:49+08:00 ] 127.0.0.1 /xiaoliangit/xiaolian-v0.1/Public/front/js/jquery.mobile-1.4.5.min.map
INFO: [ app_init ] --START--
INFO: Run Behavior\BuildLiteBehavior [ RunTime:0.000012s ]
INFO: [ app_init ] --END-- [ RunTime:0.000336s ]
ERR: 无法加载模块:Public

[ 2016-12-20T09:27:22+08:00 ] 127.0.0.1 /xiaoliangit/xiaolian-v0.1/Public/front/js/jquery.mobile-1.4.5.min.map
INFO: [ app_init ] --START--
INFO: Run Behavior\BuildLiteBehavior [ RunTime:0.000017s ]
INFO: [ app_init ] --END-- [ RunTime:0.000438s ]
ERR: 无法加载模块:Public

[ 2016-12-20T09:27:42+08:00 ] 127.0.0.1 /xiaoliangit/xiaolian-v0.1/Public/front/js/jquery.mobile-1.4.5.min.map
INFO: [ app_init ] --START--
INFO: Run Behavior\BuildLiteBehavior [ RunTime:0.000021s ]
INFO: [ app_init ] --END-- [ RunTime:0.000555s ]
ERR: 无法加载模块:Public

[ 2016-12-20T09:27:50+08:00 ] 127.0.0.1 /xiaoliangit/xiaolian-v0.1/Public/front/js/jquery.mobile-1.4.5.min.map
INFO: [ app_init ] --START--
INFO: Run Behavior\BuildLiteBehavior [ RunTime:0.000013s ]
INFO: [ app_init ] --END-- [ RunTime:0.000337s ]
ERR: 无法加载模块:Public

[ 2016-12-20T09:28:02+08:00 ] 127.0.0.1 /xiaoliangit/xiaolian-v0.1/Public/front/js/jquery.mobile-1.4.5.min.map
INFO: [ app_init ] --START--
INFO: Run Behavior\BuildLiteBehavior [ RunTime:0.000013s ]
INFO: [ app_init ] --END-- [ RunTime:0.000312s ]
ERR: 无法加载模块:Public

[ 2016-12-20T09:28:12+08:00 ] 127.0.0.1 /xiaoliangit/xiaolian-v0.1/Public/front/js/jquery.mobile-1.4.5.min.map
INFO: [ app_init ] --START--
INFO: Run Behavior\BuildLiteBehavior [ RunTime:0.000011s ]
INFO: [ app_init ] --END-- [ RunTime:0.000286s ]
ERR: 无法加载模块:Public

[ 2016-12-20T09:28:16+08:00 ] 127.0.0.1 /xiaoliangit/xiaolian-v0.1/Public/front/js/jquery.mobile-1.4.5.min.map
INFO: [ app_init ] --START--
INFO: Run Behavior\BuildLiteBehavior [ RunTime:0.000018s ]
INFO: [ app_init ] --END-- [ RunTime:0.000454s ]
ERR: 无法加载模块:Public

[ 2016-12-20T09:29:08+08:00 ] 127.0.0.1 /xiaoliangit/xiaolian-v0.1/Public/front/js/jquery.mobile-1.4.5.min.map
INFO: [ app_init ] --START--
INFO: Run Behavior\BuildLiteBehavior [ RunTime:0.000019s ]
INFO: [ app_init ] --END-- [ RunTime:0.000463s ]
ERR: 无法加载模块:Public

[ 2016-12-20T09:29:27+08:00 ] 127.0.0.1 /xiaoliangit/xiaolian-v0.1/Public/front/js/jquery.mobile-1.4.5.min.map
INFO: [ app_init ] --START--
INFO: Run Behavior\BuildLiteBehavior [ RunTime:0.000013s ]
INFO: [ app_init ] --END-- [ RunTime:0.000376s ]
ERR: 无法加载模块:Public

[ 2016-12-20T09:29:40+08:00 ] 127.0.0.1 /xiaoliangit/xiaolian-v0.1/Public/front/js/jquery.mobile-1.4.5.min.map
INFO: [ app_init ] --START--
INFO: Run Behavior\BuildLiteBehavior [ RunTime:0.000013s ]
INFO: [ app_init ] --END-- [ RunTime:0.000294s ]
ERR: 无法加载模块:Public

[ 2016-12-20T09:29:46+08:00 ] 127.0.0.1 /xiaoliangit/xiaolian-v0.1/Public/front/js/jquery.mobile-1.4.5.min.map
INFO: [ app_init ] --START--
INFO: Run Behavior\BuildLiteBehavior [ RunTime:0.000012s ]
INFO: [ app_init ] --END-- [ RunTime:0.000344s ]
ERR: 无法加载模块:Public

[ 2016-12-20T09:29:55+08:00 ] 127.0.0.1 /xiaoliangit/xiaolian-v0.1/Public/front/js/jquery.mobile-1.4.5.min.map
INFO: [ app_init ] --START--
INFO: Run Behavior\BuildLiteBehavior [ RunTime:0.000012s ]
INFO: [ app_init ] --END-- [ RunTime:0.000322s ]
ERR: 无法加载模块:Public

[ 2016-12-20T09:30:43+08:00 ] 127.0.0.1 /xiaoliangit/xiaolian-v0.1/Public/front/js/jquery.mobile-1.4.5.min.map
INFO: [ app_init ] --START--
INFO: Run Behavior\BuildLiteBehavior [ RunTime:0.000012s ]
INFO: [ app_init ] --END-- [ RunTime:0.000295s ]
ERR: 无法加载模块:Public

[ 2016-12-20T09:31:13+08:00 ] 127.0.0.1 /xiaoliangit/xiaolian-v0.1/Public/front/js/jquery.mobile-1.4.5.min.map
INFO: [ app_init ] --START--
INFO: Run Behavior\BuildLiteBehavior [ RunTime:0.000018s ]
INFO: [ app_init ] --END-- [ RunTime:0.000490s ]
ERR: 无法加载模块:Public

[ 2016-12-20T09:34:46+08:00 ] 127.0.0.1 /xiaoliangit/xiaolian-v0.1/Public/front/js/jquery.mobile-1.4.5.min.map
INFO: [ app_init ] --START--
INFO: Run Behavior\BuildLiteBehavior [ RunTime:0.000017s ]
INFO: [ app_init ] --END-- [ RunTime:0.000423s ]
ERR: 无法加载模块:Public

[ 2016-12-20T09:35:27+08:00 ] 127.0.0.1 /xiaoliangit/xiaolian-v0.1/Public/front/js/jquery.mobile-1.4.5.min.map
INFO: [ app_init ] --START--
INFO: Run Behavior\BuildLiteBehavior [ RunTime:0.000013s ]
INFO: [ app_init ] --END-- [ RunTime:0.000332s ]
ERR: 无法加载模块:Public

[ 2016-12-20T09:35:29+08:00 ] 127.0.0.1 /xiaoliangit/xiaolian-v0.1/Public/front/js/jquery.mobile-1.4.5.min.map
INFO: [ app_init ] --START--
INFO: Run Behavior\BuildLiteBehavior [ RunTime:0.000012s ]
INFO: [ app_init ] --END-- [ RunTime:0.000300s ]
ERR: 无法加载模块:Public

[ 2016-12-20T09:35:39+08:00 ] 127.0.0.1 /xiaoliangit/xiaolian-v0.1/Public/front/js/jquery.mobile-1.4.5.min.map
INFO: [ app_init ] --START--
INFO: Run Behavior\BuildLiteBehavior [ RunTime:0.000014s ]
INFO: [ app_init ] --END-- [ RunTime:0.000402s ]
ERR: 无法加载模块:Public

[ 2016-12-20T09:35:47+08:00 ] 127.0.0.1 /xiaoliangit/xiaolian-v0.1/Public/front/js/jquery.mobile-1.4.5.min.map
INFO: [ app_init ] --START--
INFO: Run Behavior\BuildLiteBehavior [ RunTime:0.000012s ]
INFO: [ app_init ] --END-- [ RunTime:0.000306s ]
ERR: 无法加载模块:Public

[ 2016-12-20T09:36:54+08:00 ] 127.0.0.1 /xiaoliangit/xiaolian-v0.1/Public/front/js/jquery.mobile-1.4.5.min.map
INFO: [ app_init ] --START--
INFO: Run Behavior\BuildLiteBehavior [ RunTime:0.000013s ]
INFO: [ app_init ] --END-- [ RunTime:0.000368s ]
ERR: 无法加载模块:Public

[ 2016-12-20T09:39:43+08:00 ] 127.0.0.1 /xiaoliangit/xiaolian-v0.1/Public/front/js/jquery.mobile-1.4.5.min.map
INFO: [ app_init ] --START--
INFO: Run Behavior\BuildLiteBehavior [ RunTime:0.000012s ]
INFO: [ app_init ] --END-- [ RunTime:0.000288s ]
ERR: 无法加载模块:Public

[ 2016-12-20T09:39:53+08:00 ] 127.0.0.1 /xiaoliangit/xiaolian-v0.1/Public/front/js/jquery.mobile-1.4.5.min.map
INFO: [ app_init ] --START--
INFO: Run Behavior\BuildLiteBehavior [ RunTime:0.000013s ]
INFO: [ app_init ] --END-- [ RunTime:0.000297s ]
ERR: 无法加载模块:Public

[ 2016-12-20T09:40:14+08:00 ] 127.0.0.1 /xiaoliangit/xiaolian-v0.1/Public/front/js/jquery.mobile-1.4.5.min.map
INFO: [ app_init ] --START--
INFO: Run Behavior\BuildLiteBehavior [ RunTime:0.000012s ]
INFO: [ app_init ] --END-- [ RunTime:0.000291s ]
ERR: 无法加载模块:Public

[ 2016-12-20T09:40:20+08:00 ] 127.0.0.1 /xiaoliangit/xiaolian-v0.1/Public/front/js/jquery.mobile-1.4.5.min.map
INFO: [ app_init ] --START--
INFO: Run Behavior\BuildLiteBehavior [ RunTime:0.000012s ]
INFO: [ app_init ] --END-- [ RunTime:0.000291s ]
ERR: 无法加载模块:Public

[ 2016-12-20T09:40:47+08:00 ] 127.0.0.1 /xiaoliangit/xiaolian-v0.1/Public/front/js/jquery.mobile-1.4.5.min.map
INFO: [ app_init ] --START--
INFO: Run Behavior\BuildLiteBehavior [ RunTime:0.000012s ]
INFO: [ app_init ] --END-- [ RunTime:0.000289s ]
ERR: 无法加载模块:Public

[ 2016-12-20T09:41:00+08:00 ] 127.0.0.1 /xiaoliangit/xiaolian-v0.1/Public/front/js/jquery.mobile-1.4.5.min.map
INFO: [ app_init ] --START--
INFO: Run Behavior\BuildLiteBehavior [ RunTime:0.000020s ]
INFO: [ app_init ] --END-- [ RunTime:0.000496s ]
ERR: 无法加载模块:Public

[ 2016-12-20T09:41:30+08:00 ] 127.0.0.1 /xiaoliangit/xiaolian-v0.1/Public/front/js/jquery.mobile-1.4.5.min.map
INFO: [ app_init ] --START--
INFO: Run Behavior\BuildLiteBehavior [ RunTime:0.000018s ]
INFO: [ app_init ] --END-- [ RunTime:0.000328s ]
ERR: 无法加载模块:Public

[ 2016-12-20T09:41:32+08:00 ] 127.0.0.1 /xiaoliangit/xiaolian-v0.1/Public/front/js/jquery.mobile-1.4.5.min.map
INFO: [ app_init ] --START--
INFO: Run Behavior\BuildLiteBehavior [ RunTime:0.000018s ]
INFO: [ app_init ] --END-- [ RunTime:0.000443s ]
ERR: 无法加载模块:Public

[ 2016-12-20T09:42:00+08:00 ] 127.0.0.1 /xiaoliangit/xiaolian-v0.1/Public/front/js/jquery.mobile-1.4.5.min.map
INFO: [ app_init ] --START--
INFO: Run Behavior\BuildLiteBehavior [ RunTime:0.000020s ]
INFO: [ app_init ] --END-- [ RunTime:0.000456s ]
ERR: 无法加载模块:Public

[ 2016-12-20T09:42:14+08:00 ] 127.0.0.1 /xiaoliangit/xiaolian-v0.1/Public/front/js/jquery.mobile-1.4.5.min.map
INFO: [ app_init ] --START--
INFO: Run Behavior\BuildLiteBehavior [ RunTime:0.000020s ]
INFO: [ app_init ] --END-- [ RunTime:0.000545s ]
ERR: 无法加载模块:Public

[ 2016-12-20T09:42:25+08:00 ] 127.0.0.1 /xiaoliangit/xiaolian-v0.1/Public/front/js/jquery.mobile-1.4.5.min.map
INFO: [ app_init ] --START--
INFO: Run Behavior\BuildLiteBehavior [ RunTime:0.000017s ]
INFO: [ app_init ] --END-- [ RunTime:0.000357s ]
ERR: 无法加载模块:Public

[ 2016-12-20T09:42:54+08:00 ] 127.0.0.1 /xiaoliangit/xiaolian-v0.1/Public/front/js/jquery.mobile-1.4.5.min.map
INFO: [ app_init ] --START--
INFO: Run Behavior\BuildLiteBehavior [ RunTime:0.000013s ]
INFO: [ app_init ] --END-- [ RunTime:0.000306s ]
ERR: 无法加载模块:Public

[ 2016-12-20T09:43:02+08:00 ] 127.0.0.1 /xiaoliangit/xiaolian-v0.1/Public/front/js/jquery.mobile-1.4.5.min.map
INFO: [ app_init ] --START--
INFO: Run Behavior\BuildLiteBehavior [ RunTime:0.000012s ]
INFO: [ app_init ] --END-- [ RunTime:0.000302s ]
ERR: 无法加载模块:Public

[ 2016-12-20T09:43:10+08:00 ] 127.0.0.1 /xiaoliangit/xiaolian-v0.1/Public/front/js/jquery.mobile-1.4.5.min.map
INFO: [ app_init ] --START--
INFO: Run Behavior\BuildLiteBehavior [ RunTime:0.000012s ]
INFO: [ app_init ] --END-- [ RunTime:0.000289s ]
ERR: 无法加载模块:Public

[ 2016-12-20T09:43:14+08:00 ] 127.0.0.1 /xiaoliangit/xiaolian-v0.1/Public/front/js/jquery.mobile-1.4.5.min.map
INFO: [ app_init ] --START--
INFO: Run Behavior\BuildLiteBehavior [ RunTime:0.000012s ]
INFO: [ app_init ] --END-- [ RunTime:0.000293s ]
ERR: 无法加载模块:Public

[ 2016-12-20T09:43:23+08:00 ] 127.0.0.1 /xiaoliangit/xiaolian-v0.1/Public/front/js/jquery.mobile-1.4.5.min.map
INFO: [ app_init ] --START--
INFO: Run Behavior\BuildLiteBehavior [ RunTime:0.000044s ]
INFO: [ app_init ] --END-- [ RunTime:0.000687s ]
ERR: 无法加载模块:Public

[ 2016-12-20T09:43:31+08:00 ] 127.0.0.1 /xiaoliangit/xiaolian-v0.1/Public/front/js/jquery.mobile-1.4.5.min.map
INFO: [ app_init ] --START--
INFO: Run Behavior\BuildLiteBehavior [ RunTime:0.000013s ]
INFO: [ app_init ] --END-- [ RunTime:0.000294s ]
ERR: 无法加载模块:Public

[ 2016-12-20T09:43:44+08:00 ] 127.0.0.1 /xiaoliangit/xiaolian-v0.1/Public/front/js/jquery.mobile-1.4.5.min.map
INFO: [ app_init ] --START--
INFO: Run Behavior\BuildLiteBehavior [ RunTime:0.000021s ]
INFO: [ app_init ] --END-- [ RunTime:0.000556s ]
ERR: 无法加载模块:Public

[ 2016-12-20T09:44:13+08:00 ] 127.0.0.1 /xiaoliangit/xiaolian-v0.1/Public/front/js/jquery.mobile-1.4.5.min.map
INFO: [ app_init ] --START--
INFO: Run Behavior\BuildLiteBehavior [ RunTime:0.000020s ]
INFO: [ app_init ] --END-- [ RunTime:0.000517s ]
ERR: 无法加载模块:Public

[ 2016-12-20T09:44:23+08:00 ] 127.0.0.1 /xiaoliangit/xiaolian-v0.1/Public/front/js/jquery.mobile-1.4.5.min.map
INFO: [ app_init ] --START--
INFO: Run Behavior\BuildLiteBehavior [ RunTime:0.000018s ]
INFO: [ app_init ] --END-- [ RunTime:0.000448s ]
ERR: 无法加载模块:Public

[ 2016-12-20T09:45:06+08:00 ] 127.0.0.1 /xiaoliangit/xiaolian-v0.1/Public/front/js/jquery.mobile-1.4.5.min.map
INFO: [ app_init ] --START--
INFO: Run Behavior\BuildLiteBehavior [ RunTime:0.000013s ]
INFO: [ app_init ] --END-- [ RunTime:0.000295s ]
ERR: 无法加载模块:Public

[ 2016-12-20T09:45:19+08:00 ] 127.0.0.1 /xiaoliangit/xiaolian-v0.1/Public/front/js/jquery.mobile-1.4.5.min.map
INFO: [ app_init ] --START--
INFO: Run Behavior\BuildLiteBehavior [ RunTime:0.000013s ]
INFO: [ app_init ] --END-- [ RunTime:0.000295s ]
ERR: 无法加载模块:Public

[ 2016-12-20T09:45:26+08:00 ] 127.0.0.1 /xiaoliangit/xiaolian-v0.1/Public/front/js/jquery.mobile-1.4.5.min.map
INFO: [ app_init ] --START--
INFO: Run Behavior\BuildLiteBehavior [ RunTime:0.000017s ]
INFO: [ app_init ] --END-- [ RunTime:0.000440s ]
ERR: 无法加载模块:Public

[ 2016-12-20T09:46:19+08:00 ] 127.0.0.1 /xiaoliangit/xiaolian-v0.1/Public/front/js/jquery.mobile-1.4.5.min.map
INFO: [ app_init ] --START--
INFO: Run Behavior\BuildLiteBehavior [ RunTime:0.000012s ]
INFO: [ app_init ] --END-- [ RunTime:0.000312s ]
ERR: 无法加载模块:Public

[ 2016-12-20T09:46:36+08:00 ] 127.0.0.1 /xiaoliangit/xiaolian-v0.1/Public/front/js/jquery.mobile-1.4.5.min.map
INFO: [ app_init ] --START--
INFO: Run Behavior\BuildLiteBehavior [ RunTime:0.000017s ]
INFO: [ app_init ] --END-- [ RunTime:0.000465s ]
ERR: 无法加载模块:Public

[ 2016-12-20T09:46:38+08:00 ] 127.0.0.1 /xiaoliangit/xiaolian-v0.1/Public/front/js/jquery.mobile-1.4.5.min.map
INFO: [ app_init ] --START--
INFO: Run Behavior\BuildLiteBehavior [ RunTime:0.000013s ]
INFO: [ app_init ] --END-- [ RunTime:0.000292s ]
ERR: 无法加载模块:Public

[ 2016-12-20T09:46:59+08:00 ] 127.0.0.1 /xiaoliangit/xiaolian-v0.1/Public/front/js/jquery.mobile-1.4.5.min.map
INFO: [ app_init ] --START--
INFO: Run Behavior\BuildLiteBehavior [ RunTime:0.000014s ]
INFO: [ app_init ] --END-- [ RunTime:0.000356s ]
ERR: 无法加载模块:Public

[ 2016-12-20T09:47:16+08:00 ] 127.0.0.1 /xiaoliangit/xiaolian-v0.1/Public/front/js/jquery.mobile-1.4.5.min.map
INFO: [ app_init ] --START--
INFO: Run Behavior\BuildLiteBehavior [ RunTime:0.000012s ]
INFO: [ app_init ] --END-- [ RunTime:0.000305s ]
ERR: 无法加载模块:Public

[ 2016-12-20T09:47:31+08:00 ] 127.0.0.1 /xiaoliangit/xiaolian-v0.1/Public/front/js/jquery.mobile-1.4.5.min.map
INFO: [ app_init ] --START--
INFO: Run Behavior\BuildLiteBehavior [ RunTime:0.000011s ]
INFO: [ app_init ] --END-- [ RunTime:0.000285s ]
ERR: 无法加载模块:Public

[ 2016-12-20T09:47:34+08:00 ] 127.0.0.1 /xiaoliangit/xiaolian-v0.1/Public/front/js/jquery.mobile-1.4.5.min.map
INFO: [ app_init ] --START--
INFO: Run Behavior\BuildLiteBehavior [ RunTime:0.000019s ]
INFO: [ app_init ] --END-- [ RunTime:0.000469s ]
ERR: 无法加载模块:Public

[ 2016-12-20T09:47:49+08:00 ] 127.0.0.1 /xiaoliangit/xiaolian-v0.1/Public/front/js/jquery.mobile-1.4.5.min.map
INFO: [ app_init ] --START--
INFO: Run Behavior\BuildLiteBehavior [ RunTime:0.000012s ]
INFO: [ app_init ] --END-- [ RunTime:0.000298s ]
ERR: 无法加载模块:Public

[ 2016-12-20T09:47:51+08:00 ] 127.0.0.1 /xiaoliangit/xiaolian-v0.1/Public/front/js/jquery.mobile-1.4.5.min.map
INFO: [ app_init ] --START--
INFO: Run Behavior\BuildLiteBehavior [ RunTime:0.000018s ]
INFO: [ app_init ] --END-- [ RunTime:0.000426s ]
ERR: 无法加载模块:Public

[ 2016-12-20T09:48:44+08:00 ] 127.0.0.1 /xiaoliangit/xiaolian-v0.1/Public/front/js/jquery.mobile-1.4.5.min.map
INFO: [ app_init ] --START--
INFO: Run Behavior\BuildLiteBehavior [ RunTime:0.000018s ]
INFO: [ app_init ] --END-- [ RunTime:0.000523s ]
ERR: 无法加载模块:Public

[ 2016-12-20T09:48:53+08:00 ] 127.0.0.1 /xiaoliangit/xiaolian-v0.1/Public/front/js/jquery.mobile-1.4.5.min.map
INFO: [ app_init ] --START--
INFO: Run Behavior\BuildLiteBehavior [ RunTime:0.000012s ]
INFO: [ app_init ] --END-- [ RunTime:0.000301s ]
ERR: 无法加载模块:Public

[ 2016-12-20T09:49:03+08:00 ] 127.0.0.1 /xiaoliangit/xiaolian-v0.1/Public/front/js/jquery.mobile-1.4.5.min.map
INFO: [ app_init ] --START--
INFO: Run Behavior\BuildLiteBehavior [ RunTime:0.000017s ]
INFO: [ app_init ] --END-- [ RunTime:0.000461s ]
ERR: 无法加载模块:Public

[ 2016-12-20T09:49:22+08:00 ] 127.0.0.1 /xiaoliangit/xiaolian-v0.1/Public/front/js/jquery.mobile-1.4.5.min.map
INFO: [ app_init ] --START--
INFO: Run Behavior\BuildLiteBehavior [ RunTime:0.000012s ]
INFO: [ app_init ] --END-- [ RunTime:0.000288s ]
ERR: 无法加载模块:Public

[ 2016-12-20T09:49:42+08:00 ] 127.0.0.1 /xiaoliangit/xiaolian-v0.1/Public/front/js/jquery.mobile-1.4.5.min.map
INFO: [ app_init ] --START--
INFO: Run Behavior\BuildLiteBehavior [ RunTime:0.000019s ]
INFO: [ app_init ] --END-- [ RunTime:0.000450s ]
ERR: 无法加载模块:Public

[ 2016-12-20T09:50:02+08:00 ] 127.0.0.1 /xiaoliangit/xiaolian-v0.1/Public/front/js/jquery.mobile-1.4.5.min.map
INFO: [ app_init ] --START--
INFO: Run Behavior\BuildLiteBehavior [ RunTime:0.000011s ]
INFO: [ app_init ] --END-- [ RunTime:0.000285s ]
ERR: 无法加载模块:Public

[ 2016-12-20T09:51:04+08:00 ] 127.0.0.1 /xiaoliangit/xiaolian-v0.1/Public/front/js/jquery.mobile-1.4.5.min.map
INFO: [ app_init ] --START--
INFO: Run Behavior\BuildLiteBehavior [ RunTime:0.000012s ]
INFO: [ app_init ] --END-- [ RunTime:0.000296s ]
ERR: 无法加载模块:Public

[ 2016-12-20T09:51:36+08:00 ] 127.0.0.1 /xiaoliangit/xiaolian-v0.1/Public/front/js/jquery.mobile-1.4.5.min.map
INFO: [ app_init ] --START--
INFO: Run Behavior\BuildLiteBehavior [ RunTime:0.000012s ]
INFO: [ app_init ] --END-- [ RunTime:0.000291s ]
ERR: 无法加载模块:Public

[ 2016-12-20T09:51:48+08:00 ] 127.0.0.1 /xiaoliangit/xiaolian-v0.1/Public/front/js/jquery.mobile-1.4.5.min.map
INFO: [ app_init ] --START--
INFO: Run Behavior\BuildLiteBehavior [ RunTime:0.000018s ]
INFO: [ app_init ] --END-- [ RunTime:0.000458s ]
ERR: 无法加载模块:Public

[ 2016-12-20T09:51:54+08:00 ] 127.0.0.1 /xiaoliangit/xiaolian-v0.1/Public/front/js/jquery.mobile-1.4.5.min.map
INFO: [ app_init ] --START--
INFO: Run Behavior\BuildLiteBehavior [ RunTime:0.000013s ]
INFO: [ app_init ] --END-- [ RunTime:0.000284s ]
ERR: 无法加载模块:Public

[ 2016-12-20T09:52:03+08:00 ] 127.0.0.1 /xiaoliangit/xiaolian-v0.1/Public/front/js/jquery.mobile-1.4.5.min.map
INFO: [ app_init ] --START--
INFO: Run Behavior\BuildLiteBehavior [ RunTime:0.000012s ]
INFO: [ app_init ] --END-- [ RunTime:0.000324s ]
ERR: 无法加载模块:Public

<<<<<<< HEAD
[ 2016-12-20T11:11:28+08:00 ] 127.0.0.1 /xiaolian-git/xiaoliangit/xiaolian-v0.1/Application/Home/View/mine/__PUBLIC__/front/css/jquery.mobile-1.4.5.min.css
INFO: [ app_init ] --START--
INFO: Run Behavior\BuildLiteBehavior [ RunTime:0.000019s ]
INFO: [ app_init ] --END-- [ RunTime:0.000544s ]
ERR: 无法加载模块:Application

[ 2016-12-20T11:11:28+08:00 ] 127.0.0.1 /xiaolian-git/xiaoliangit/xiaolian-v0.1/Application/Home/View/mine/__PUBLIC__/front/js/jquery.mobile-1.4.5.min.js
INFO: [ app_init ] --START--
INFO: Run Behavior\BuildLiteBehavior [ RunTime:0.000090s ]
INFO: [ app_init ] --END-- [ RunTime:0.000805s ]
ERR: 无法加载模块:Application

[ 2016-12-20T11:11:28+08:00 ] 127.0.0.1 /xiaolian-git/xiaoliangit/xiaolian-v0.1/Application/Home/View/mine/__PUBLIC__/front/js/action-sheet.js
INFO: [ app_init ] --START--
INFO: Run Behavior\BuildLiteBehavior [ RunTime:0.000021s ]
INFO: [ app_init ] --END-- [ RunTime:0.000601s ]
ERR: 无法加载模块:Application

[ 2016-12-20T11:11:28+08:00 ] 127.0.0.1 /xiaolian-git/xiaoliangit/xiaolian-v0.1/Application/Home/View/mine/__PUBLIC__/front/js/jquery-2.2.2.js
INFO: [ app_init ] --START--
INFO: Run Behavior\BuildLiteBehavior [ RunTime:0.000020s ]
INFO: [ app_init ] --END-- [ RunTime:0.000548s ]
ERR: 无法加载模块:Application

[ 2016-12-20T11:11:28+08:00 ] 127.0.0.1 /xiaolian-git/xiaoliangit/xiaolian-v0.1/Application/Home/View/mine/__PUBLIC__/front/images/mine-shezhi-cam.png
INFO: [ app_init ] --START--
INFO: Run Behavior\BuildLiteBehavior [ RunTime:0.000014s ]
INFO: [ app_init ] --END-- [ RunTime:0.000363s ]
ERR: 无法加载模块:Application

[ 2016-12-20T11:11:28+08:00 ] 127.0.0.1 /xiaolian-git/xiaoliangit/xiaolian-v0.1/Application/Home/View/mine/__PUBLIC__/front/js/jquery.mobile-1.4.5.min.js
INFO: [ app_init ] --START--
INFO: Run Behavior\BuildLiteBehavior [ RunTime:0.000013s ]
INFO: [ app_init ] --END-- [ RunTime:0.000295s ]
ERR: 无法加载模块:Application

[ 2016-12-20T11:11:28+08:00 ] 127.0.0.1 /xiaolian-git/xiaoliangit/xiaolian-v0.1/Application/Home/View/mine/__PUBLIC__/front/js/action-sheet.js
INFO: [ app_init ] --START--
INFO: Run Behavior\BuildLiteBehavior [ RunTime:0.000011s ]
INFO: [ app_init ] --END-- [ RunTime:0.000312s ]
ERR: 无法加载模块:Application

[ 2016-12-20T11:11:28+08:00 ] 127.0.0.1 /xiaolian-git/xiaoliangit/xiaolian-v0.1/Application/Home/View/mine/__PUBLIC__/front/images/mine-shezhi-cam.png
INFO: [ app_init ] --START--
INFO: Run Behavior\BuildLiteBehavior [ RunTime:0.000012s ]
INFO: [ app_init ] --END-- [ RunTime:0.000334s ]
ERR: 无法加载模块:Application

[ 2016-12-20T11:14:00+08:00 ] 127.0.0.1 /xiaolian-git/xiaoliangit/xiaolian-v0.1/Application/Home/View/mine/__PUBLIC__/front/images/mine-shezhi-cam.png
INFO: [ app_init ] --START--
INFO: Run Behavior\BuildLiteBehavior [ RunTime:0.000028s ]
INFO: [ app_init ] --END-- [ RunTime:0.000531s ]
ERR: 无法加载模块:Application

[ 2016-12-20T11:14:00+08:00 ] 127.0.0.1 /xiaolian-git/xiaoliangit/xiaolian-v0.1/Application/Home/View/mine/__PUBLIC__/front/images/mine-shezhi-cam.png
INFO: [ app_init ] --START--
INFO: Run Behavior\BuildLiteBehavior [ RunTime:0.000014s ]
INFO: [ app_init ] --END-- [ RunTime:0.000335s ]
ERR: 无法加载模块:Application

[ 2016-12-20T11:14:03+08:00 ] 127.0.0.1 /xiaolian-git/xiaoliangit/xiaolian-v0.1/Application/Home/View/mine/__PUBLIC__/front/css/jquery.mobile-1.4.5.min.css
INFO: [ app_init ] --START--
INFO: Run Behavior\BuildLiteBehavior [ RunTime:0.000019s ]
INFO: [ app_init ] --END-- [ RunTime:0.000470s ]
ERR: 无法加载模块:Application

[ 2016-12-20T11:14:03+08:00 ] 127.0.0.1 /xiaolian-git/xiaoliangit/xiaolian-v0.1/Application/Home/View/mine/__PUBLIC__/front/js/jquery-2.2.2.js
INFO: [ app_init ] --START--
INFO: Run Behavior\BuildLiteBehavior [ RunTime:0.000020s ]
INFO: [ app_init ] --END-- [ RunTime:0.000501s ]
ERR: 无法加载模块:Application

[ 2016-12-20T11:14:03+08:00 ] 127.0.0.1 /xiaolian-git/xiaoliangit/xiaolian-v0.1/Application/Home/View/mine/__PUBLIC__/front/js/jquery.mobile-1.4.5.min.js
INFO: [ app_init ] --START--
INFO: Run Behavior\BuildLiteBehavior [ RunTime:0.000017s ]
INFO: [ app_init ] --END-- [ RunTime:0.000462s ]
ERR: 无法加载模块:Application

[ 2016-12-20T11:14:03+08:00 ] 127.0.0.1 /xiaolian-git/xiaoliangit/xiaolian-v0.1/Application/Home/View/mine/__PUBLIC__/front/js/action-sheet.js
INFO: [ app_init ] --START--
INFO: Run Behavior\BuildLiteBehavior [ RunTime:0.000021s ]
INFO: [ app_init ] --END-- [ RunTime:0.000516s ]
ERR: 无法加载模块:Application

[ 2016-12-20T11:14:03+08:00 ] 127.0.0.1 /xiaolian-git/xiaoliangit/xiaolian-v0.1/Application/Home/View/mine/__PUBLIC__/front/js/jquery.mobile-1.4.5.min.js
INFO: [ app_init ] --START--
INFO: Run Behavior\BuildLiteBehavior [ RunTime:0.000017s ]
INFO: [ app_init ] --END-- [ RunTime:0.000436s ]
ERR: 无法加载模块:Application

[ 2016-12-20T11:14:03+08:00 ] 127.0.0.1 /xiaolian-git/xiaoliangit/xiaolian-v0.1/Application/Home/View/mine/__PUBLIC__/front/images/mine-shezhi-cam.png
INFO: [ app_init ] --START--
INFO: Run Behavior\BuildLiteBehavior [ RunTime:0.000020s ]
INFO: [ app_init ] --END-- [ RunTime:0.000510s ]
ERR: 无法加载模块:Application

[ 2016-12-20T11:14:03+08:00 ] 127.0.0.1 /xiaolian-git/xiaoliangit/xiaolian-v0.1/Application/Home/View/mine/__PUBLIC__/front/js/action-sheet.js
INFO: [ app_init ] --START--
INFO: Run Behavior\BuildLiteBehavior [ RunTime:0.000010s ]
INFO: [ app_init ] --END-- [ RunTime:0.000302s ]
ERR: 无法加载模块:Application

[ 2016-12-20T11:14:03+08:00 ] 127.0.0.1 /xiaolian-git/xiaoliangit/xiaolian-v0.1/Application/Home/View/mine/__PUBLIC__/front/images/mine-shezhi-cam.png
INFO: [ app_init ] --START--
INFO: Run Behavior\BuildLiteBehavior [ RunTime:0.000012s ]
INFO: [ app_init ] --END-- [ RunTime:0.000319s ]
ERR: 无法加载模块:Application

[ 2016-12-20T11:14:04+08:00 ] 127.0.0.1 /xiaolian-git/xiaoliangit/xiaolian-v0.1/Application/Home/View/mine/__PUBLIC__/front/css/jquery.mobile-1.4.5.min.css
INFO: [ app_init ] --START--
INFO: Run Behavior\BuildLiteBehavior [ RunTime:0.000017s ]
INFO: [ app_init ] --END-- [ RunTime:0.000434s ]
ERR: 无法加载模块:Application

[ 2016-12-20T11:14:04+08:00 ] 127.0.0.1 /xiaolian-git/xiaoliangit/xiaolian-v0.1/Application/Home/View/mine/__PUBLIC__/front/js/jquery.mobile-1.4.5.min.js
INFO: [ app_init ] --START--
INFO: Run Behavior\BuildLiteBehavior [ RunTime:0.000017s ]
INFO: [ app_init ] --END-- [ RunTime:0.000460s ]
ERR: 无法加载模块:Application

[ 2016-12-20T11:14:04+08:00 ] 127.0.0.1 /xiaolian-git/xiaoliangit/xiaolian-v0.1/Application/Home/View/mine/__PUBLIC__/front/js/jquery-2.2.2.js
INFO: [ app_init ] --START--
INFO: Run Behavior\BuildLiteBehavior [ RunTime:0.000017s ]
INFO: [ app_init ] --END-- [ RunTime:0.000530s ]
ERR: 无法加载模块:Application

[ 2016-12-20T11:14:04+08:00 ] 127.0.0.1 /xiaolian-git/xiaoliangit/xiaolian-v0.1/Application/Home/View/mine/__PUBLIC__/front/js/action-sheet.js
INFO: [ app_init ] --START--
INFO: Run Behavior\BuildLiteBehavior [ RunTime:0.000019s ]
INFO: [ app_init ] --END-- [ RunTime:0.000533s ]
ERR: 无法加载模块:Application

[ 2016-12-20T11:14:04+08:00 ] 127.0.0.1 /xiaolian-git/xiaoliangit/xiaolian-v0.1/Application/Home/View/mine/__PUBLIC__/front/images/mine-shezhi-cam.png
INFO: [ app_init ] --START--
INFO: Run Behavior\BuildLiteBehavior [ RunTime:0.000012s ]
INFO: [ app_init ] --END-- [ RunTime:0.000315s ]
ERR: 无法加载模块:Application

[ 2016-12-20T11:14:04+08:00 ] 127.0.0.1 /xiaolian-git/xiaoliangit/xiaolian-v0.1/Application/Home/View/mine/__PUBLIC__/front/js/jquery.mobile-1.4.5.min.js
INFO: [ app_init ] --START--
INFO: Run Behavior\BuildLiteBehavior [ RunTime:0.000020s ]
INFO: [ app_init ] --END-- [ RunTime:0.000587s ]
ERR: 无法加载模块:Application

[ 2016-12-20T11:14:04+08:00 ] 127.0.0.1 /xiaolian-git/xiaoliangit/xiaolian-v0.1/Application/Home/View/mine/__PUBLIC__/front/js/action-sheet.js
INFO: [ app_init ] --START--
INFO: Run Behavior\BuildLiteBehavior [ RunTime:0.000012s ]
INFO: [ app_init ] --END-- [ RunTime:0.000303s ]
ERR: 无法加载模块:Application

[ 2016-12-20T11:14:04+08:00 ] 127.0.0.1 /xiaolian-git/xiaoliangit/xiaolian-v0.1/Application/Home/View/mine/__PUBLIC__/front/images/mine-shezhi-cam.png
INFO: [ app_init ] --START--
INFO: Run Behavior\BuildLiteBehavior [ RunTime:0.000018s ]
INFO: [ app_init ] --END-- [ RunTime:0.000407s ]
ERR: 无法加载模块:Application
=======
[ 2016-12-20T10:17:24+08:00 ] 127.0.0.1 /xiaoliangit/xiaolian-v0.1/index.php/H
INFO: [ app_init ] --START--
INFO: Run Behavior\BuildLiteBehavior [ RunTime:0.000019s ]
INFO: [ app_init ] --END-- [ RunTime:0.000503s ]
ERR: 无法加载模块:H
>>>>>>> fece024a2f82ac4e009f01e13740f6efdf461a16

