[ 2016-12-06T08:32:31+08:00 ] 127.0.0.1 /xiaolianV0.1/xiaolian-houtai/index.php/index/Home/index.html
INFO: [ app_init ] --START--
INFO: Run Behavior\BuildLiteBehavior [ RunTime:0.000018s ]
INFO: [ app_init ] --END-- [ RunTime:0.000508s ]
ERR: 无法加载模块:Index

[ 2016-12-06T14:59:59+08:00 ] 127.0.0.1 /xiaoliangit/xiaolian-v0.1/index.php/kankan/kankan.html
INFO: [ app_init ] --START--
INFO: Run Behavior\BuildLiteBehavior [ RunTime:0.000016s ]
INFO: [ app_init ] --END-- [ RunTime:0.000525s ]
ERR: 无法加载模块:Kankan

[ 2016-12-06T15:26:41+08:00 ] 127.0.0.1 /xiaoliangit/xiaolian-v0.1/index.php/css/jquery.mobile-1.4.5.min.css
INFO: [ app_init ] --START--
INFO: Run Behavior\BuildLiteBehavior [ RunTime:0.000018s ]
INFO: [ app_init ] --END-- [ RunTime:0.000594s ]
ERR: 无法加载模块:Css

[ 2016-12-06T15:29:44+08:00 ] 127.0.0.1 /xiaoliangit/xiaolian-v0.1/index.php/active-more.html
INFO: [ app_init ] --START--
INFO: Run Behavior\BuildLiteBehavior [ RunTime:0.000028s ]
INFO: [ app_init ] --END-- [ RunTime:0.000586s ]
ERR: 无法加载模块:Active-more

[ 2016-12-06T15:29:45+08:00 ] 127.0.0.1 /xiaoliangit/xiaolian-v0.1/index.php/active-more.html
INFO: [ app_init ] --START--
INFO: Run Behavior\BuildLiteBehavior [ RunTime:0.000025s ]
INFO: [ app_init ] --END-- [ RunTime:0.000487s ]
ERR: 无法加载模块:Active-more

[ 2016-12-06T15:29:45+08:00 ] 127.0.0.1 /xiaoliangit/xiaolian-v0.1/index.php/active-more.html
INFO: [ app_init ] --START--
INFO: Run Behavior\BuildLiteBehavior [ RunTime:0.000014s ]
INFO: [ app_init ] --END-- [ RunTime:0.000536s ]
ERR: 无法加载模块:Active-more

[ 2016-12-06T15:29:45+08:00 ] 127.0.0.1 /xiaoliangit/xiaolian-v0.1/index.php/active-more.html
INFO: [ app_init ] --START--
INFO: Run Behavior\BuildLiteBehavior [ RunTime:0.000026s ]
INFO: [ app_init ] --END-- [ RunTime:0.000576s ]
ERR: 无法加载模块:Active-more

[ 2016-12-06T15:29:45+08:00 ] 127.0.0.1 /xiaoliangit/xiaolian-v0.1/index.php/active-more.html
INFO: [ app_init ] --START--
INFO: Run Behavior\BuildLiteBehavior [ RunTime:0.000014s ]
INFO: [ app_init ] --END-- [ RunTime:0.000591s ]
ERR: 无法加载模块:Active-more

[ 2016-12-06T15:29:45+08:00 ] 127.0.0.1 /xiaoliangit/xiaolian-v0.1/index.php/active-more.html
INFO: [ app_init ] --START--
INFO: Run Behavior\BuildLiteBehavior [ RunTime:0.000014s ]
INFO: [ app_init ] --END-- [ RunTime:0.000513s ]
ERR: 无法加载模块:Active-more

[ 2016-12-06T15:31:38+08:00 ] 127.0.0.1 /xiaoliangit/xiaolian-v0.1/index.php/active-more.html
INFO: [ app_init ] --START--
INFO: Run Behavior\BuildLiteBehavior [ RunTime:0.000015s ]
INFO: [ app_init ] --END-- [ RunTime:0.000559s ]
ERR: 无法加载模块:Active-more

[ 2016-12-06T15:31:38+08:00 ] 127.0.0.1 /xiaoliangit/xiaolian-v0.1/index.php/active-more.html
INFO: [ app_init ] --START--
INFO: Run Behavior\BuildLiteBehavior [ RunTime:0.000015s ]
INFO: [ app_init ] --END-- [ RunTime:0.000490s ]
ERR: 无法加载模块:Active-more

[ 2016-12-06T15:31:39+08:00 ] 127.0.0.1 /xiaoliangit/xiaolian-v0.1/index.php/active-more.html
INFO: [ app_init ] --START--
INFO: Run Behavior\BuildLiteBehavior [ RunTime:0.000013s ]
INFO: [ app_init ] --END-- [ RunTime:0.000488s ]
ERR: 无法加载模块:Active-more

[ 2016-12-06T15:31:39+08:00 ] 127.0.0.1 /xiaoliangit/xiaolian-v0.1/index.php/active-more.html
INFO: [ app_init ] --START--
INFO: Run Behavior\BuildLiteBehavior [ RunTime:0.000014s ]
INFO: [ app_init ] --END-- [ RunTime:0.000492s ]
ERR: 无法加载模块:Active-more

[ 2016-12-06T15:31:39+08:00 ] 127.0.0.1 /xiaoliangit/xiaolian-v0.1/index.php/active-more.html
INFO: [ app_init ] --START--
INFO: Run Behavior\BuildLiteBehavior [ RunTime:0.000014s ]
INFO: [ app_init ] --END-- [ RunTime:0.000457s ]
ERR: 无法加载模块:Active-more

[ 2016-12-06T15:31:39+08:00 ] 127.0.0.1 /xiaoliangit/xiaolian-v0.1/index.php/active-more.html
INFO: [ app_init ] --START--
INFO: Run Behavior\BuildLiteBehavior [ RunTime:0.000015s ]
INFO: [ app_init ] --END-- [ RunTime:0.000513s ]
ERR: 无法加载模块:Active-more

[ 2016-12-06T15:31:39+08:00 ] 127.0.0.1 /xiaoliangit/xiaolian-v0.1/index.php/active-more.html
INFO: [ app_init ] --START--
INFO: Run Behavior\BuildLiteBehavior [ RunTime:0.000016s ]
INFO: [ app_init ] --END-- [ RunTime:0.000519s ]
ERR: 无法加载模块:Active-more

[ 2016-12-06T15:31:40+08:00 ] 127.0.0.1 /xiaoliangit/xiaolian-v0.1/index.php/active-more.html
INFO: [ app_init ] --START--
INFO: Run Behavior\BuildLiteBehavior [ RunTime:0.000014s ]
INFO: [ app_init ] --END-- [ RunTime:0.000497s ]
ERR: 无法加载模块:Active-more

[ 2016-12-06T15:31:40+08:00 ] 127.0.0.1 /xiaoliangit/xiaolian-v0.1/index.php/active-more.html
INFO: [ app_init ] --START--
INFO: Run Behavior\BuildLiteBehavior [ RunTime:0.000015s ]
INFO: [ app_init ] --END-- [ RunTime:0.000502s ]
ERR: 无法加载模块:Active-more

[ 2016-12-06T15:31:40+08:00 ] 127.0.0.1 /xiaoliangit/xiaolian-v0.1/index.php/active-more.html
INFO: [ app_init ] --START--
INFO: Run Behavior\BuildLiteBehavior [ RunTime:0.000014s ]
INFO: [ app_init ] --END-- [ RunTime:0.000498s ]
ERR: 无法加载模块:Active-more

[ 2016-12-06T15:31:40+08:00 ] 127.0.0.1 /xiaoliangit/xiaolian-v0.1/index.php/active-more.html
INFO: [ app_init ] --START--
INFO: Run Behavior\BuildLiteBehavior [ RunTime:0.000025s ]
INFO: [ app_init ] --END-- [ RunTime:0.000489s ]
ERR: 无法加载模块:Active-more

[ 2016-12-06T15:31:41+08:00 ] 127.0.0.1 /xiaoliangit/xiaolian-v0.1/index.php/active-more.html
INFO: [ app_init ] --START--
INFO: Run Behavior\BuildLiteBehavior [ RunTime:0.000027s ]
INFO: [ app_init ] --END-- [ RunTime:0.001149s ]
ERR: 无法加载模块:Active-more

[ 2016-12-06T15:33:22+08:00 ] 127.0.0.1 /xiaoliangit/xiaolian-v0.1/index.php/active-more.html
INFO: [ app_init ] --START--
INFO: Run Behavior\BuildLiteBehavior [ RunTime:0.000025s ]
INFO: [ app_init ] --END-- [ RunTime:0.000495s ]
ERR: 无法加载模块:Active-more

[ 2016-12-06T15:33:23+08:00 ] 127.0.0.1 /xiaoliangit/xiaolian-v0.1/index.php/active-more.html
INFO: [ app_init ] --START--
INFO: Run Behavior\BuildLiteBehavior [ RunTime:0.000014s ]
INFO: [ app_init ] --END-- [ RunTime:0.000524s ]
ERR: 无法加载模块:Active-more

[ 2016-12-06T15:33:24+08:00 ] 127.0.0.1 /xiaoliangit/xiaolian-v0.1/index.php/active-more.html
INFO: [ app_init ] --START--
INFO: Run Behavior\BuildLiteBehavior [ RunTime:0.000015s ]
INFO: [ app_init ] --END-- [ RunTime:0.000484s ]
ERR: 无法加载模块:Active-more

[ 2016-12-06T15:33:24+08:00 ] 127.0.0.1 /xiaoliangit/xiaolian-v0.1/index.php/active-more.html
INFO: [ app_init ] --START--
INFO: Run Behavior\BuildLiteBehavior [ RunTime:0.000015s ]
INFO: [ app_init ] --END-- [ RunTime:0.000532s ]
ERR: 无法加载模块:Active-more

[ 2016-12-06T15:33:25+08:00 ] 127.0.0.1 /xiaoliangit/xiaolian-v0.1/index.php/active-more.html
INFO: [ app_init ] --START--
INFO: Run Behavior\BuildLiteBehavior [ RunTime:0.000014s ]
INFO: [ app_init ] --END-- [ RunTime:0.000548s ]
ERR: 无法加载模块:Active-more

[ 2016-12-06T15:33:25+08:00 ] 127.0.0.1 /xiaoliangit/xiaolian-v0.1/index.php/active-more.html
INFO: [ app_init ] --START--
INFO: Run Behavior\BuildLiteBehavior [ RunTime:0.000014s ]
INFO: [ app_init ] --END-- [ RunTime:0.000519s ]
ERR: 无法加载模块:Active-more

[ 2016-12-06T15:33:27+08:00 ] 127.0.0.1 /xiaoliangit/xiaolian-v0.1/index.php/active-specific.html
INFO: [ app_init ] --START--
INFO: Run Behavior\BuildLiteBehavior [ RunTime:0.000016s ]
INFO: [ app_init ] --END-- [ RunTime:0.000546s ]
ERR: 无法加载模块:Active-specific

[ 2016-12-06T15:33:27+08:00 ] 127.0.0.1 /xiaoliangit/xiaolian-v0.1/index.php/active-specific.html
INFO: [ app_init ] --START--
INFO: Run Behavior\BuildLiteBehavior [ RunTime:0.000014s ]
INFO: [ app_init ] --END-- [ RunTime:0.000460s ]
ERR: 无法加载模块:Active-specific

[ 2016-12-06T15:33:28+08:00 ] 127.0.0.1 /xiaoliangit/xiaolian-v0.1/index.php/active-specific.html
INFO: [ app_init ] --START--
INFO: Run Behavior\BuildLiteBehavior [ RunTime:0.000014s ]
INFO: [ app_init ] --END-- [ RunTime:0.000461s ]
ERR: 无法加载模块:Active-specific

[ 2016-12-06T15:33:28+08:00 ] 127.0.0.1 /xiaoliangit/xiaolian-v0.1/index.php/active-specific.html
INFO: [ app_init ] --START--
INFO: Run Behavior\BuildLiteBehavior [ RunTime:0.000016s ]
INFO: [ app_init ] --END-- [ RunTime:0.000537s ]
ERR: 无法加载模块:Active-specific

[ 2016-12-06T15:33:29+08:00 ] 127.0.0.1 /xiaoliangit/xiaolian-v0.1/index.php/active-specific.html
INFO: [ app_init ] --START--
INFO: Run Behavior\BuildLiteBehavior [ RunTime:0.000019s ]
INFO: [ app_init ] --END-- [ RunTime:0.000623s ]
ERR: 无法加载模块:Active-specific

[ 2016-12-06T15:33:30+08:00 ] 127.0.0.1 /xiaoliangit/xiaolian-v0.1/index.php/active-specific.html
INFO: [ app_init ] --START--
INFO: Run Behavior\BuildLiteBehavior [ RunTime:0.000016s ]
INFO: [ app_init ] --END-- [ RunTime:0.000523s ]
ERR: 无法加载模块:Active-specific

[ 2016-12-06T15:33:31+08:00 ] 127.0.0.1 /xiaoliangit/xiaolian-v0.1/index.php/active-specific.html
INFO: [ app_init ] --START--
INFO: Run Behavior\BuildLiteBehavior [ RunTime:0.000016s ]
INFO: [ app_init ] --END-- [ RunTime:0.000540s ]
ERR: 无法加载模块:Active-specific

[ 2016-12-06T16:06:29+08:00 ] 127.0.0.1 /xiaoliangit/xiaolian-v0.1/index.php/css/jquery.mobile-1.4.5.min.css
INFO: [ app_init ] --START--
INFO: Run Behavior\BuildLiteBehavior [ RunTime:0.000019s ]
INFO: [ app_init ] --END-- [ RunTime:0.000650s ]
ERR: 无法加载模块:Css

[ 2016-12-06T16:07:34+08:00 ] 127.0.0.1 /xiaoliangit/xiaolian-v0.1/index.php/activity--more.html
INFO: [ app_init ] --START--
INFO: Run Behavior\BuildLiteBehavior [ RunTime:0.000015s ]
INFO: [ app_init ] --END-- [ RunTime:0.000594s ]
ERR: 无法加载模块:Activity--more

[ 2016-12-06T16:07:35+08:00 ] 127.0.0.1 /xiaoliangit/xiaolian-v0.1/index.php/activity--more.html
INFO: [ app_init ] --START--
INFO: Run Behavior\BuildLiteBehavior [ RunTime:0.000015s ]
INFO: [ app_init ] --END-- [ RunTime:0.000525s ]
ERR: 无法加载模块:Activity--more

[ 2016-12-06T16:07:35+08:00 ] 127.0.0.1 /xiaoliangit/xiaolian-v0.1/index.php/activity--more.html
INFO: [ app_init ] --START--
INFO: Run Behavior\BuildLiteBehavior [ RunTime:0.000014s ]
INFO: [ app_init ] --END-- [ RunTime:0.000527s ]
ERR: 无法加载模块:Activity--more

[ 2016-12-06T16:07:35+08:00 ] 127.0.0.1 /xiaoliangit/xiaolian-v0.1/index.php/activity--more.html
INFO: [ app_init ] --START--
INFO: Run Behavior\BuildLiteBehavior [ RunTime:0.000024s ]
INFO: [ app_init ] --END-- [ RunTime:0.000637s ]
ERR: 无法加载模块:Activity--more

[ 2016-12-06T16:26:18+08:00 ] 127.0.0.1 /xiaoliangit/xiaolian-v0.1/index.php/activity--more.html
INFO: [ app_init ] --START--
INFO: Run Behavior\BuildLiteBehavior [ RunTime:0.000014s ]
INFO: [ app_init ] --END-- [ RunTime:0.000522s ]
ERR: 无法加载模块:Activity--more

[ 2016-12-06T16:29:45+08:00 ] 127.0.0.1 /xiaoliangit/xiaolian-v0.1/index.php/task.html
INFO: [ app_init ] --START--
INFO: Run Behavior\BuildLiteBehavior [ RunTime:0.000019s ]
INFO: [ app_init ] --END-- [ RunTime:0.000562s ]
ERR: 无法加载模块:Task

[ 2016-12-06T16:29:46+08:00 ] 127.0.0.1 /xiaoliangit/xiaolian-v0.1/index.php/kankan.html
INFO: [ app_init ] --START--
INFO: Run Behavior\BuildLiteBehavior [ RunTime:0.000025s ]
INFO: [ app_init ] --END-- [ RunTime:0.000440s ]
ERR: 无法加载模块:Kankan

[ 2016-12-06T16:29:47+08:00 ] 127.0.0.1 /xiaoliangit/xiaolian-v0.1/index.php/foot.html
INFO: [ app_init ] --START--
INFO: Run Behavior\BuildLiteBehavior [ RunTime:0.000016s ]
INFO: [ app_init ] --END-- [ RunTime:0.000475s ]
ERR: 无法加载模块:Foot

[ 2016-12-06T16:29:47+08:00 ] 127.0.0.1 /xiaoliangit/xiaolian-v0.1/index.php/show.html
INFO: [ app_init ] --START--
INFO: Run Behavior\BuildLiteBehavior [ RunTime:0.000014s ]
INFO: [ app_init ] --END-- [ RunTime:0.000430s ]
ERR: 无法加载模块:Show

[ 2016-12-06T16:30:39+08:00 ] 127.0.0.1 /xiaoliangit/xiaolian-v0.1/index.php/mine
INFO: [ app_init ] --START--
INFO: Run Behavior\BuildLiteBehavior [ RunTime:0.000017s ]
INFO: [ app_init ] --END-- [ RunTime:0.000506s ]
ERR: 无法加载模块:Mine

[ 2016-12-06T16:30:55+08:00 ] 127.0.0.1 /xiaoliangit/xiaolian-v0.1/index.php/mine/mine.html
INFO: [ app_init ] --START--
INFO: Run Behavior\BuildLiteBehavior [ RunTime:0.000026s ]
INFO: [ app_init ] --END-- [ RunTime:0.000748s ]
ERR: 无法加载模块:Mine

[ 2016-12-06T16:48:40+08:00 ] 127.0.0.1 /xiaoliangit/xiaolian-v0.1/index.php/mine
INFO: [ app_init ] --START--
INFO: Run Behavior\BuildLiteBehavior [ RunTime:0.000020s ]
INFO: [ app_init ] --END-- [ RunTime:0.000525s ]
ERR: 无法加载模块:Mine

[ 2016-12-06T16:49:19+08:00 ] 127.0.0.1 /xiaoliangit/xiaolian-v0.1/index.php/mine
INFO: [ app_init ] --START--
INFO: Run Behavior\BuildLiteBehavior [ RunTime:0.000020s ]
INFO: [ app_init ] --END-- [ RunTime:0.000525s ]
ERR: 无法加载模块:Mine

[ 2016-12-06T16:49:21+08:00 ] 127.0.0.1 /xiaoliangit/xiaolian-v0.1/index.php/mine
INFO: [ app_init ] --START--
INFO: Run Behavior\BuildLiteBehavior [ RunTime:0.000017s ]
INFO: [ app_init ] --END-- [ RunTime:0.000483s ]
ERR: 无法加载模块:Mine

[ 2016-12-06T16:49:28+08:00 ] 127.0.0.1 /xiaoliangit/xiaolian-v0.1/index.php/mine
INFO: [ app_init ] --START--
INFO: Run Behavior\BuildLiteBehavior [ RunTime:0.000018s ]
INFO: [ app_init ] --END-- [ RunTime:0.000527s ]
ERR: 无法加载模块:Mine

[ 2016-12-06T16:49:45+08:00 ] 127.0.0.1 /xiaoliangit/xiaolian-v0.1/index.php/mine/mine.html
INFO: [ app_init ] --START--
INFO: Run Behavior\BuildLiteBehavior [ RunTime:0.000017s ]
INFO: [ app_init ] --END-- [ RunTime:0.000476s ]
ERR: 无法加载模块:Mine

[ 2016-12-06T16:49:46+08:00 ] 127.0.0.1 /xiaoliangit/xiaolian-v0.1/index.php/mine/mine.html
INFO: [ app_init ] --START--
INFO: Run Behavior\BuildLiteBehavior [ RunTime:0.000017s ]
INFO: [ app_init ] --END-- [ RunTime:0.000479s ]
ERR: 无法加载模块:Mine

[ 2016-12-06T16:50:08+08:00 ] 127.0.0.1 /xiaoliangit/xiaolian-v0.1/index.php/mine/mine.html
INFO: [ app_init ] --START--
INFO: Run Behavior\BuildLiteBehavior [ RunTime:0.000017s ]
INFO: [ app_init ] --END-- [ RunTime:0.000533s ]
ERR: 无法加载模块:Mine

[ 2016-12-06T17:02:14+08:00 ] 127.0.0.1 /xiaoliangit/xiaolian-v0.1/index.php/mine/mine.html
INFO: [ app_init ] --START--
INFO: Run Behavior\BuildLiteBehavior [ RunTime:0.000021s ]
INFO: [ app_init ] --END-- [ RunTime:0.000643s ]
ERR: 无法加载模块:Mine

