[ 2016-12-10T13:31:37+08:00 ] 127.0.0.1 /xiaoliangit/xiaolian-v0.1/index.php/admin/user/user_list.html
INFO: [ app_init ] --START--
INFO: Run Behavior\BuildLiteBehavior [ RunTime:0.000017s ]
INFO: [ app_init ] --END-- [ RunTime:0.000663s ]
INFO: [ app_begin ] --START--
INFO: Run Behavior\ReadHtmlCacheBehavior [ RunTime:0.000807s ]
INFO: [ app_begin ] --END-- [ RunTime:0.000934s ]
INFO: [ view_parse ] --START--
INFO: [ template_filter ] --START--
INFO: Run Behavior\ContentReplaceBehavior [ RunTime:0.000054s ]
INFO: [ template_filter ] --END-- [ RunTime:0.000116s ]
INFO: Run Behavior\ParseTemplateBehavior [ RunTime:0.018864s ]
INFO: [ view_parse ] --END-- [ RunTime:0.018953s ]
INFO: [ view_filter ] --START--
INFO: Run Behavior\WriteHtmlCacheBehavior [ RunTime:0.000391s ]
INFO: [ view_filter ] --END-- [ RunTime:0.000449s ]

[ 2016-12-10T13:31:40+08:00 ] 127.0.0.1 /xiaoliangit/xiaolian-v0.1/index.php/Admin/Admin/login.html
INFO: [ app_init ] --START--
INFO: Run Behavior\BuildLiteBehavior [ RunTime:0.000028s ]
INFO: [ app_init ] --END-- [ RunTime:0.000584s ]
INFO: [ app_begin ] --START--
INFO: Run Behavior\ReadHtmlCacheBehavior [ RunTime:0.000737s ]
INFO: [ app_begin ] --END-- [ RunTime:0.000801s ]
INFO: [ view_parse ] --START--
INFO: [ template_filter ] --START--
INFO: Run Behavior\ContentReplaceBehavior [ RunTime:0.000077s ]
INFO: [ template_filter ] --END-- [ RunTime:0.000160s ]
INFO: Run Behavior\ParseTemplateBehavior [ RunTime:0.019498s ]
INFO: [ view_parse ] --END-- [ RunTime:0.019611s ]
INFO: [ view_filter ] --START--
INFO: Run Behavior\WriteHtmlCacheBehavior [ RunTime:0.000396s ]
INFO: [ view_filter ] --END-- [ RunTime:0.000447s ]
INFO: [ app_end ] --START--
INFO: Run Behavior\ShowPageTraceBehavior [ RunTime:0.000664s ]
INFO: [ app_end ] --END-- [ RunTime:0.000749s ]

[ 2016-12-10T13:31:44+08:00 ] 127.0.0.1 /xiaoliangit/xiaolian-v0.1/index.php/Admin/Admin/login.html
INFO: [ app_init ] --START--
INFO: Run Behavior\BuildLiteBehavior [ RunTime:0.000019s ]
INFO: [ app_init ] --END-- [ RunTime:0.000826s ]
INFO: [ app_begin ] --START--
INFO: Run Behavior\ReadHtmlCacheBehavior [ RunTime:0.000631s ]
INFO: [ app_begin ] --END-- [ RunTime:0.000701s ]
SQL: SHOW COLUMNS FROM `admin_users` [ RunTime:0.2140s ]
SQL: SELECT COUNT(*) AS tp_count FROM `admin_users` WHERE `username` = 'root' AND `password` = '123' LIMIT 1   [ RunTime:0.0300s ]
INFO: [ view_parse ] --START--
INFO: [ template_filter ] --START--
INFO: Run Behavior\ContentReplaceBehavior [ RunTime:0.000060s ]
INFO: [ template_filter ] --END-- [ RunTime:0.000133s ]
INFO: Run Behavior\ParseTemplateBehavior [ RunTime:0.008009s ]
INFO: [ view_parse ] --END-- [ RunTime:0.008096s ]
INFO: [ view_filter ] --START--
INFO: Run Behavior\WriteHtmlCacheBehavior [ RunTime:0.000340s ]
INFO: [ view_filter ] --END-- [ RunTime:0.000391s ]
INFO: [ app_end ] --START--
INFO: Run Behavior\ShowPageTraceBehavior [ RunTime:0.000635s ]
INFO: [ app_end ] --END-- [ RunTime:0.000699s ]

[ 2016-12-10T13:31:45+08:00 ] 127.0.0.1 /xiaoliangit/xiaolian-v0.1/index.php/Admin/Admin/login.html
INFO: [ app_init ] --START--
INFO: Run Behavior\BuildLiteBehavior [ RunTime:0.000016s ]
INFO: [ app_init ] --END-- [ RunTime:0.000472s ]
INFO: [ app_begin ] --START--
INFO: Run Behavior\ReadHtmlCacheBehavior [ RunTime:0.000640s ]
INFO: [ app_begin ] --END-- [ RunTime:0.000732s ]
INFO: [ view_parse ] --START--
INFO: [ template_filter ] --START--
INFO: Run Behavior\ContentReplaceBehavior [ RunTime:0.000076s ]
INFO: [ template_filter ] --END-- [ RunTime:0.000151s ]
INFO: Run Behavior\ParseTemplateBehavior [ RunTime:0.008156s ]
INFO: [ view_parse ] --END-- [ RunTime:0.008261s ]
INFO: [ view_filter ] --START--
INFO: Run Behavior\WriteHtmlCacheBehavior [ RunTime:0.000391s ]
INFO: [ view_filter ] --END-- [ RunTime:0.000449s ]
INFO: [ app_end ] --START--
INFO: Run Behavior\ShowPageTraceBehavior [ RunTime:0.000673s ]
INFO: [ app_end ] --END-- [ RunTime:0.000738s ]

[ 2016-12-10T13:31:58+08:00 ] 127.0.0.1 /xiaoliangit/xiaolian-v0.1/index.php/admin/user/user_list
INFO: [ app_init ] --START--
INFO: Run Behavior\BuildLiteBehavior [ RunTime:0.000018s ]
INFO: [ app_init ] --END-- [ RunTime:0.000515s ]
INFO: [ app_begin ] --START--
INFO: Run Behavior\ReadHtmlCacheBehavior [ RunTime:0.000752s ]
INFO: [ app_begin ] --END-- [ RunTime:0.000840s ]
SQL: SHOW COLUMNS FROM `user` [ RunTime:0.0102s ]
SQL: SELECT COUNT(*) AS tp_count FROM `user` LIMIT 1   [ RunTime:0.0364s ]
SQL: SELECT * FROM `user` ORDER BY id desc LIMIT 0,5   [ RunTime:0.0006s ]
INFO: [ view_parse ] --START--
INFO: [ template_filter ] --START--
INFO: Run Behavior\ContentReplaceBehavior [ RunTime:0.000118s ]
INFO: [ template_filter ] --END-- [ RunTime:0.000216s ]
INFO: Run Behavior\ParseTemplateBehavior [ RunTime:0.047626s ]
INFO: [ view_parse ] --END-- [ RunTime:0.047722s ]
INFO: [ view_filter ] --START--
INFO: Run Behavior\WriteHtmlCacheBehavior [ RunTime:0.000342s ]
INFO: [ view_filter ] --END-- [ RunTime:0.000404s ]
INFO: [ app_end ] --START--
INFO: Run Behavior\ShowPageTraceBehavior [ RunTime:0.000804s ]
INFO: [ app_end ] --END-- [ RunTime:0.000892s ]

[ 2016-12-10T13:32:01+08:00 ] 127.0.0.1 /xiaoliangit/xiaolian-v0.1/index.php/Admin/news/news_add.html
INFO: [ app_init ] --START--
INFO: Run Behavior\BuildLiteBehavior [ RunTime:0.000014s ]
INFO: [ app_init ] --END-- [ RunTime:0.000475s ]
INFO: [ app_begin ] --START--
INFO: Run Behavior\ReadHtmlCacheBehavior [ RunTime:0.000855s ]
INFO: [ app_begin ] --END-- [ RunTime:0.000949s ]
INFO: [ view_parse ] --START--
INFO: [ template_filter ] --START--
INFO: Run Behavior\ContentReplaceBehavior [ RunTime:0.000178s ]
INFO: [ template_filter ] --END-- [ RunTime:0.000257s ]
INFO: Run Behavior\ParseTemplateBehavior [ RunTime:0.008856s ]
INFO: [ view_parse ] --END-- [ RunTime:0.008936s ]
INFO: [ view_filter ] --START--
INFO: Run Behavior\WriteHtmlCacheBehavior [ RunTime:0.000340s ]
INFO: [ view_filter ] --END-- [ RunTime:0.000391s ]
INFO: [ app_end ] --START--
INFO: Run Behavior\ShowPageTraceBehavior [ RunTime:0.000588s ]
INFO: [ app_end ] --END-- [ RunTime:0.000673s ]

[ 2016-12-10T13:32:38+08:00 ] 127.0.0.1 /xiaoliangit/xiaolian-v0.1/index.php/Admin/news/doAdd
INFO: [ app_init ] --START--
INFO: Run Behavior\BuildLiteBehavior [ RunTime:0.000018s ]
INFO: [ app_init ] --END-- [ RunTime:0.000535s ]
INFO: [ app_begin ] --START--
INFO: Run Behavior\ReadHtmlCacheBehavior [ RunTime:0.000709s ]
INFO: [ app_begin ] --END-- [ RunTime:0.000781s ]
SQL: SHOW COLUMNS FROM `news` [ RunTime:0.0387s ]
NOTIC: [8] Undefined index: validate E:\2015-2016 2\html5\webserver\www.root\xiaoliangit\xiaolian-v0.1\ThinkPHP\Library\Think\Model.class.php 第 1185 行.
NOTIC: [8] Undefined index: auto E:\2015-2016 2\html5\webserver\www.root\xiaoliangit\xiaolian-v0.1\ThinkPHP\Library\Think\Model.class.php 第 1128 行.
NOTIC: [2] call_user_func() expects parameter 1 to be a valid callback, no array or string given E:\2015-2016 2\html5\webserver\www.root\xiaoliangit\xiaolian-v0.1\Application\Admin\Controller\Upload.class.php 第 171 行.
SQL: INSERT INTO `news` (`ID`,`newspic`,`title`,`content`,`posttime`,`scantime`,`schoolname`,`author`) VALUES ('0','/xiaoliangit/xiaolian-v0.1/Public/uploads/2016-12-10/584b9376535e3.JPG','河北师大英语讲座','&lt;strong&gt;河北师大讲座&lt;strong&gt;河北师大讲座&lt;/strong&gt;&lt;strong&gt;河北师大讲座&lt;/strong&gt;&lt;strong&gt;河北师大讲座&lt;/strong&gt;&lt;strong&gt;河北师大讲座&lt;/strong&gt;&lt;strong&gt;河北师大讲座&lt;/strong&gt;&lt;strong&gt;河北师大讲座&lt;/strong&gt;&lt;strong&gt;河北师大讲座&lt;/strong&gt;&lt;strong&gt;河北师大讲座&lt;/strong&gt;&lt;strong&gt;河北师大讲座&lt;/strong&gt;&lt;strong&gt;河北师大讲座&lt;/strong&gt;&lt;strong&gt;河北师大讲座&lt;/strong&gt;&lt;strong&gt;河北师大讲座&lt;/strong&gt;&lt;strong&gt;河北师大讲座&lt;/strong&gt;&lt;strong&gt;河北师大讲座&lt;/strong&gt;&lt;strong&gt;河北师大讲座&lt;/strong&gt;&lt;strong&gt;河北师大讲座&lt;/strong&gt;&lt;strong&gt;河北师大讲座&lt;/strong&gt;&lt;strong&gt;河北师大讲座&lt;/strong&gt;&lt;strong&gt;河北师大讲座&lt;/strong&gt;&lt;strong&gt;河北师大讲座&lt;/strong&gt;&lt;strong&gt;河北师大讲座&lt;/strong&gt;&lt;strong&gt;河北师大讲座&lt;/strong&gt;&lt;/strong&gt;','2016-12-10  13:32','0','河北师范大学','li') [ RunTime:0.1938s ]
INFO: [ view_parse ] --START--
INFO: [ template_filter ] --START--
INFO: Run Behavior\ContentReplaceBehavior [ RunTime:0.000053s ]
INFO: [ template_filter ] --END-- [ RunTime:0.000112s ]
INFO: Run Behavior\ParseTemplateBehavior [ RunTime:0.007973s ]
INFO: [ view_parse ] --END-- [ RunTime:0.008057s ]
INFO: [ view_filter ] --START--
INFO: Run Behavior\WriteHtmlCacheBehavior [ RunTime:0.000844s ]
INFO: [ view_filter ] --END-- [ RunTime:0.001067s ]
INFO: [ app_end ] --START--
INFO: Run Behavior\ShowPageTraceBehavior [ RunTime:0.000724s ]
INFO: [ app_end ] --END-- [ RunTime:0.000777s ]

[ 2016-12-10T13:32:39+08:00 ] 127.0.0.1 /xiaoliangit/xiaolian-v0.1/index.php/Admin/news/news_list.html
INFO: [ app_init ] --START--
INFO: Run Behavior\BuildLiteBehavior [ RunTime:0.000014s ]
INFO: [ app_init ] --END-- [ RunTime:0.000566s ]
INFO: [ app_begin ] --START--
INFO: Run Behavior\ReadHtmlCacheBehavior [ RunTime:0.000917s ]
INFO: [ app_begin ] --END-- [ RunTime:0.001012s ]
SQL: SHOW COLUMNS FROM `news` [ RunTime:0.0106s ]
SQL: SELECT COUNT(*) AS tp_count FROM `news` LIMIT 1   [ RunTime:0.0005s ]
SQL: SELECT * FROM `news` ORDER BY id desc LIMIT 0,5   [ RunTime:0.0005s ]
INFO: [ view_parse ] --START--
INFO: [ template_filter ] --START--
INFO: Run Behavior\ContentReplaceBehavior [ RunTime:0.000111s ]
INFO: [ template_filter ] --END-- [ RunTime:0.000187s ]
NOTIC: [8] Undefined variable: u E:\2015-2016 2\html5\webserver\www.root\xiaoliangit\xiaolian-v0.1\Application\Runtime\Cache\Admin\5dc7cb56e7e8cd7601e6f40f87c141e0.php 第 101 行.
INFO: Run Behavior\ParseTemplateBehavior [ RunTime:0.027986s ]
INFO: [ view_parse ] --END-- [ RunTime:0.028053s ]
INFO: [ view_filter ] --START--
INFO: Run Behavior\WriteHtmlCacheBehavior [ RunTime:0.000376s ]
INFO: [ view_filter ] --END-- [ RunTime:0.000433s ]
INFO: [ app_end ] --START--
INFO: Run Behavior\ShowPageTraceBehavior [ RunTime:0.000739s ]
INFO: [ app_end ] --END-- [ RunTime:0.000818s ]

[ 2016-12-10T13:33:11+08:00 ] 127.0.0.1 /xiaoliangit/xiaolian-v0.1/index.php/Admin/posters/posters_list.html
INFO: [ app_init ] --START--
INFO: Run Behavior\BuildLiteBehavior [ RunTime:0.000014s ]
INFO: [ app_init ] --END-- [ RunTime:0.000523s ]
INFO: [ app_begin ] --START--
INFO: Run Behavior\ReadHtmlCacheBehavior [ RunTime:0.000637s ]
INFO: [ app_begin ] --END-- [ RunTime:0.000709s ]
SQL: SHOW COLUMNS FROM `posters` [ RunTime:0.0100s ]
SQL: SELECT COUNT(*) AS tp_count FROM `posters` LIMIT 1   [ RunTime:0.0005s ]
SQL: SELECT * FROM `posters` ORDER BY id desc LIMIT 0,5   [ RunTime:0.0629s ]
INFO: [ view_parse ] --START--
INFO: [ template_filter ] --START--
INFO: Run Behavior\ContentReplaceBehavior [ RunTime:0.000114s ]
INFO: [ template_filter ] --END-- [ RunTime:0.000251s ]
NOTIC: [8] Undefined variable: u E:\2015-2016 2\html5\webserver\www.root\xiaoliangit\xiaolian-v0.1\Application\Runtime\Cache\Admin\933e8052e8a26925dca446932b8dfc20.php 第 96 行.
INFO: Run Behavior\ParseTemplateBehavior [ RunTime:0.030533s ]
INFO: [ view_parse ] --END-- [ RunTime:0.030607s ]
INFO: [ view_filter ] --START--
INFO: Run Behavior\WriteHtmlCacheBehavior [ RunTime:0.000494s ]
INFO: [ view_filter ] --END-- [ RunTime:0.000554s ]
INFO: [ app_end ] --START--
INFO: Run Behavior\ShowPageTraceBehavior [ RunTime:0.001140s ]
INFO: [ app_end ] --END-- [ RunTime:0.001205s ]

[ 2016-12-10T13:33:14+08:00 ] 127.0.0.1 /xiaoliangit/xiaolian-v0.1/index.php/Admin/dynamic/dynamic_list.html
INFO: [ app_init ] --START--
INFO: Run Behavior\BuildLiteBehavior [ RunTime:0.000015s ]
INFO: [ app_init ] --END-- [ RunTime:0.000416s ]
INFO: [ app_begin ] --START--
INFO: Run Behavior\ReadHtmlCacheBehavior [ RunTime:0.000643s ]
INFO: [ app_begin ] --END-- [ RunTime:0.000707s ]
SQL: SHOW COLUMNS FROM `dynamic` [ RunTime:0.0090s ]
SQL: SELECT COUNT(*) AS tp_count FROM `dynamic` LIMIT 1   [ RunTime:0.0005s ]
SQL: SELECT * FROM `dynamic` ORDER BY id desc LIMIT 0,5   [ RunTime:0.0005s ]
INFO: [ view_parse ] --START--
INFO: [ template_filter ] --START--
INFO: Run Behavior\ContentReplaceBehavior [ RunTime:0.000091s ]
INFO: [ template_filter ] --END-- [ RunTime:0.000155s ]
NOTIC: [8] Undefined variable: u E:\2015-2016 2\html5\webserver\www.root\xiaoliangit\xiaolian-v0.1\Application\Runtime\Cache\Admin\80e4963680c3e70903e6ad03bc32b152.php 第 94 行.
INFO: Run Behavior\ParseTemplateBehavior [ RunTime:0.047915s ]
INFO: [ view_parse ] --END-- [ RunTime:0.047998s ]
INFO: [ view_filter ] --START--
INFO: Run Behavior\WriteHtmlCacheBehavior [ RunTime:0.000322s ]
INFO: [ view_filter ] --END-- [ RunTime:0.000414s ]
INFO: [ app_end ] --START--
INFO: Run Behavior\ShowPageTraceBehavior [ RunTime:0.000916s ]
INFO: [ app_end ] --END-- [ RunTime:0.000982s ]

